2017-10-11 14:38:46 600 [OnlineBookImpl.java:29] [main:0]-[INFO] service name is:OnlineBook
2017-10-11 14:38:46 600 [OnlineBookImpl.java:29] [main:0]-[INFO] service name is:OnlineBook
2017-10-11 14:38:46 714 [OnlineBookImpl.java:34] [main:114]-[INFO] OnlineBook started
2017-10-11 14:38:46 714 [OnlineBookImpl.java:34] [main:114]-[INFO] OnlineBook started
2017-10-11 14:38:46 747 [SMSServiceImpl.java:46] [main:147]-[INFO] service name is:SMSService
2017-10-11 14:38:46 760 [SMSServiceImpl.java:46] [main:160]-[INFO] service name is:SMSService
SMSService started
SMSService started
2017-10-11 14:56:31 603 [SMSServiceImpl.java:56] [main:1065003]-[INFO] SMSService stoped
2017-10-11 14:56:31 633 [OnlineBookImpl.java:39] [main:1065033]-[INFO] OnlineBook stoped
2017-10-11 14:57:14 547 [OnlineBookImpl.java:29] [main:0]-[INFO] service name is:OnlineBook
2017-10-11 14:57:14 621 [OnlineBookImpl.java:34] [main:74]-[INFO] OnlineBook started
2017-10-11 14:57:14 649 [SMSServiceImpl.java:46] [main:102]-[INFO] service name is:SMSService
SMSService started
2017-10-11 15:02:50 249 [OnlineBookImpl.java:22] [HellowServer1-OnlineBook-Ice.ThreadPool.Server-0:1443649]-[INFO] bookTick call:abcdefg
2017-10-11 15:02:50 249 [SMSServiceImpl.java:37] [HellowServer2-SMSService-Ice.ThreadPool.Server-0:335702]-[INFO] ret content:cccc
2017-10-11 15:03:48 880 [SMSServiceImpl.java:56] [main:394333]-[INFO] SMSService stoped
2017-10-11 15:03:48 909 [OnlineBookImpl.java:39] [main:394362]-[INFO] OnlineBook stoped
2017-10-11 15:04:02 897 [OnlineBookImpl.java:29] [main:0]-[INFO] service name is:OnlineBook
2017-10-11 15:04:03 023 [OnlineBookImpl.java:34] [main:126]-[INFO] OnlineBook started
2017-10-11 15:04:03 056 [SMSServiceImpl.java:46] [main:159]-[INFO] service name is:SMSService
SMSService started
2017-10-11 15:04:03 141 [OnlineBookImpl.java:22] [HellowServer2-OnlineBook-Ice.ThreadPool.Server-0:244]-[INFO] bookTick call:abcdefg
2017-10-11 15:04:03 142 [SMSServiceImpl.java:37] [HellowServer2-SMSService-Ice.ThreadPool.Server-0:245]-[INFO] ret content:cccc
2017-10-11 15:05:26 413 [SMSServiceImpl.java:56] [main:1599813]-[INFO] SMSService stoped
2017-10-11 15:05:26 438 [OnlineBookImpl.java:39] [main:1599838]-[INFO] OnlineBook stoped
2017-10-11 15:05:47 511 [SMSServiceImpl.java:56] [main:104614]-[INFO] SMSService stoped
2017-10-11 15:05:47 526 [OnlineBookImpl.java:39] [main:104629]-[INFO] OnlineBook stoped
2017-10-11 15:06:03 797 [OnlineBookImpl.java:29] [main:0]-[INFO] service name is:OnlineBook
2017-10-11 15:06:03 837 [OnlineBookImpl.java:29] [main:0]-[INFO] service name is:OnlineBook
2017-10-11 15:06:03 872 [OnlineBookImpl.java:34] [main:75]-[INFO] OnlineBook started
2017-10-11 15:06:03 882 [SMSServiceImpl.java:46] [main:85]-[INFO] service name is:SMSService
2017-10-11 15:06:03 914 [OnlineBookImpl.java:34] [main:77]-[INFO] OnlineBook started
SMSService started
2017-10-11 15:06:03 928 [SMSServiceImpl.java:46] [main:91]-[INFO] service name is:SMSService
SMSService started
2017-10-11 15:06:03 989 [OnlineBookImpl.java:22] [HellowServer2-OnlineBook-Ice.ThreadPool.Server-0:192]-[INFO] bookTick call:abcdefg
2017-10-11 15:06:03 989 [SMSServiceImpl.java:37] [HellowServer2-SMSService-Ice.ThreadPool.Server-0:192]-[INFO] ret content:cccc
2017-10-11 15:06:34 900 [SMSServiceImpl.java:56] [main:31063]-[INFO] SMSService stoped
2017-10-11 15:06:34 909 [OnlineBookImpl.java:39] [main:31072]-[INFO] OnlineBook stoped
2017-10-11 15:06:36 837 [SMSServiceImpl.java:56] [main:33040]-[INFO] SMSService stoped
2017-10-11 15:06:36 857 [OnlineBookImpl.java:39] [main:33060]-[INFO] OnlineBook stoped
2017-10-11 15:06:47 426 [OnlineBookImpl.java:29] [main:0]-[INFO] service name is:OnlineBook
2017-10-11 15:06:47 431 [OnlineBookImpl.java:29] [main:0]-[INFO] service name is:OnlineBook
2017-10-11 15:06:47 504 [OnlineBookImpl.java:34] [main:78]-[INFO] OnlineBook started
2017-10-11 15:06:47 508 [OnlineBookImpl.java:34] [main:77]-[INFO] OnlineBook started
2017-10-11 15:06:47 517 [SMSServiceImpl.java:46] [main:91]-[INFO] service name is:SMSService
2017-10-11 15:06:47 522 [SMSServiceImpl.java:46] [main:91]-[INFO] service name is:SMSService
SMSService started
SMSService started
2017-10-11 15:06:47 583 [OnlineBookImpl.java:22] [HellowServer2-OnlineBook-Ice.ThreadPool.Server-0:157]-[INFO] bookTick call:abcdefg
2017-10-11 15:06:47 583 [SMSServiceImpl.java:37] [HellowServer1-SMSService-Ice.ThreadPool.Server-0:152]-[INFO] ret content:cccc
2017-10-11 15:08:49 268 [SMSServiceImpl.java:56] [main:121837]-[INFO] SMSService stoped
2017-10-11 15:08:49 271 [SMSServiceImpl.java:56] [main:121845]-[INFO] SMSService stoped
2017-10-11 15:08:49 320 [OnlineBookImpl.java:39] [main:121889]-[INFO] OnlineBook stoped
2017-10-11 15:08:49 339 [OnlineBookImpl.java:39] [main:121913]-[INFO] OnlineBook stoped
2017-10-11 15:11:06 094 [OnlineBookImpl.java:29] [main:0]-[INFO] service name is:OnlineBook
2017-10-11 15:11:06 142 [OnlineBookImpl.java:29] [main:0]-[INFO] service name is:OnlineBook
2017-10-11 15:11:06 185 [OnlineBookImpl.java:34] [main:91]-[INFO] OnlineBook started
2017-10-11 15:11:06 201 [SMSServiceImpl.java:46] [main:107]-[INFO] service name is:SMSService
SMSService started
2017-10-11 15:11:06 244 [OnlineBookImpl.java:34] [main:102]-[INFO] OnlineBook started
2017-10-11 15:11:06 256 [SMSServiceImpl.java:46] [main:114]-[INFO] service name is:SMSService
SMSService started
2017-10-11 15:11:06 312 [OnlineBookImpl.java:22] [HellowServer1-OnlineBook-Ice.ThreadPool.Server-0:170]-[INFO] bookTick call:abcdefg
2017-10-11 15:11:06 312 [SMSServiceImpl.java:37] [HellowServer1-SMSService-Ice.ThreadPool.Server-0:170]-[INFO] ret content:cccc
2017-10-11 15:13:04 228 [SMSServiceImpl.java:56] [main:118086]-[INFO] SMSService stoped
2017-10-11 15:13:04 241 [SMSServiceImpl.java:56] [main:118147]-[INFO] SMSService stoped
2017-10-11 15:13:04 285 [OnlineBookImpl.java:39] [main:118143]-[INFO] OnlineBook stoped
2017-10-11 15:13:04 312 [OnlineBookImpl.java:39] [main:118218]-[INFO] OnlineBook stoped
2017-10-11 16:55:06 162 [OnlineBookImpl.java:29] [main:0]-[INFO] service name is:OnlineBook
2017-10-11 16:55:06 162 [OnlineBookImpl.java:29] [main:0]-[INFO] service name is:OnlineBook
2017-10-11 16:55:06 288 [OnlineBookImpl.java:34] [main:126]-[INFO] OnlineBook started
2017-10-11 16:55:06 352 [OnlineBookImpl.java:34] [main:190]-[INFO] OnlineBook started
2017-10-11 16:55:06 367 [SMSServiceImpl.java:46] [main:205]-[INFO] service name is:SMSService
2017-10-11 16:55:06 374 [SMSServiceImpl.java:46] [main:212]-[INFO] service name is:SMSService
SMSService started
SMSService started
2017-10-11 16:55:06 632 [OnlineBookImpl.java:22] [HellowServer1-OnlineBook-Ice.ThreadPool.Server-0:470]-[INFO] bookTick call:abcdefg
2017-10-11 16:55:06 632 [SMSServiceImpl.java:37] [HellowServer2-SMSService-Ice.ThreadPool.Server-0:470]-[INFO] ret content:cccc
2017-10-11 17:45:36 621 [OnlineBookImpl.java:22] [HellowServer2-OnlineBook-Ice.ThreadPool.Server-0:3030459]-[INFO] bookTick call:abcdefg
2017-10-11 17:45:36 622 [SMSServiceImpl.java:37] [HellowServer2-SMSService-Ice.ThreadPool.Server-0:3030460]-[INFO] ret content:cccc
2017-10-11 17:46:02 906 [SMSServiceImpl.java:56] [main:3056744]-[INFO] SMSService stoped
2017-10-11 17:46:02 906 [SMSServiceImpl.java:56] [main:3056744]-[INFO] SMSService stoped
2017-10-11 17:46:02 979 [OnlineBookImpl.java:39] [main:3056817]-[INFO] OnlineBook stoped
2017-10-11 17:46:03 014 [OnlineBookImpl.java:39] [main:3056852]-[INFO] OnlineBook stoped
2017-10-11 17:47:28 221 [OnlineBookImpl.java:29] [main:0]-[INFO] service name is:OnlineBook
2017-10-11 17:47:28 242 [OnlineBookImpl.java:29] [main:0]-[INFO] service name is:OnlineBook
2017-10-11 17:47:28 343 [OnlineBookImpl.java:34] [main:122]-[INFO] OnlineBook started
2017-10-11 17:47:28 368 [OnlineBookImpl.java:34] [main:126]-[INFO] OnlineBook started
2017-10-11 17:47:28 390 [SMSServiceImpl.java:46] [main:169]-[INFO] service name is:SMSService
2017-10-11 17:47:28 392 [SMSServiceImpl.java:46] [main:150]-[INFO] service name is:SMSService
SMSService started
SMSService started
2017-10-11 17:47:28 646 [OnlineBookImpl.java:22] [HellowServer2-OnlineBook-Ice.ThreadPool.Server-0:425]-[INFO] bookTick call:abcdefg
2017-10-11 17:47:28 648 [SMSServiceImpl.java:37] [HellowServer1-SMSService-Ice.ThreadPool.Server-0:406]-[INFO] ret content:cccc
2017-10-11 17:47:56 840 [OnlineBookImpl.java:22] [HellowServer2-OnlineBook-Ice.ThreadPool.Server-0:28619]-[INFO] bookTick call:abcdefg
2017-10-11 17:47:56 842 [SMSServiceImpl.java:37] [HellowServer2-SMSService-Ice.ThreadPool.Server-0:28621]-[INFO] ret content:cccc
2017-10-11 17:47:58 047 [OnlineBookImpl.java:22] [HellowServer2-OnlineBook-Ice.ThreadPool.Server-0:29826]-[INFO] bookTick call:abcdefg
2017-10-11 17:47:58 048 [SMSServiceImpl.java:37] [HellowServer2-SMSService-Ice.ThreadPool.Server-0:29827]-[INFO] ret content:cccc
2017-10-11 17:47:59 220 [OnlineBookImpl.java:22] [HellowServer2-OnlineBook-Ice.ThreadPool.Server-0:30999]-[INFO] bookTick call:abcdefg
2017-10-11 17:47:59 221 [SMSServiceImpl.java:37] [HellowServer2-SMSService-Ice.ThreadPool.Server-0:31000]-[INFO] ret content:cccc
2017-10-11 17:47:59 910 [OnlineBookImpl.java:22] [HellowServer2-OnlineBook-Ice.ThreadPool.Server-0:31689]-[INFO] bookTick call:abcdefg
2017-10-11 17:47:59 911 [SMSServiceImpl.java:37] [HellowServer2-SMSService-Ice.ThreadPool.Server-0:31690]-[INFO] ret content:cccc
2017-10-11 17:48:00 898 [OnlineBookImpl.java:22] [HellowServer2-OnlineBook-Ice.ThreadPool.Server-0:32677]-[INFO] bookTick call:abcdefg
2017-10-11 17:48:00 901 [SMSServiceImpl.java:37] [HellowServer1-SMSService-Ice.ThreadPool.Server-0:32659]-[INFO] ret content:cccc
2017-10-11 17:50:37 648 [SMSServiceImpl.java:56] [main:189406]-[INFO] SMSService stoped
2017-10-11 17:50:37 656 [SMSServiceImpl.java:56] [main:189435]-[INFO] SMSService stoped
2017-10-11 17:50:37 699 [OnlineBookImpl.java:39] [main:189457]-[INFO] OnlineBook stoped
2017-10-11 17:50:37 770 [OnlineBookImpl.java:39] [main:189549]-[INFO] OnlineBook stoped
2017-10-11 17:52:07 288 [OnlineBookImpl.java:29] [main:0]-[INFO] service name is:OnlineBook
2017-10-11 17:52:07 307 [OnlineBookImpl.java:29] [main:0]-[INFO] service name is:OnlineBook
2017-10-11 17:52:07 400 [OnlineBookImpl.java:34] [main:112]-[INFO] OnlineBook started
2017-10-11 17:52:07 445 [OnlineBookImpl.java:34] [main:138]-[INFO] OnlineBook started
2017-10-11 17:52:07 477 [SMSServiceImpl.java:46] [main:170]-[INFO] service name is:SMSService
2017-10-11 17:52:07 478 [SMSServiceImpl.java:46] [main:190]-[INFO] service name is:SMSService
SMSService started
SMSService started
2017-10-11 17:52:07 690 [OnlineBookImpl.java:22] [HellowServer2-OnlineBook-Ice.ThreadPool.Server-0:402]-[INFO] bookTick call:abcdefg
2017-10-11 17:52:07 699 [SMSServiceImpl.java:37] [HellowServer2-SMSService-Ice.ThreadPool.Server-0:411]-[INFO] ret content:cccc
2017-10-11 18:09:11 719 [OnlineBookImpl.java:22] [HellowServer1-OnlineBook-Ice.ThreadPool.Server-0:1024412]-[INFO] bookTick call:abcdefg
2017-10-11 18:09:11 721 [SMSServiceImpl.java:37] [HellowServer2-SMSService-Ice.ThreadPool.Server-0:1024433]-[INFO] ret content:cccc
2017-10-12 10:34:51 242 [SMSServiceImpl.java:56] [main:60163935]-[INFO] SMSService stoped
2017-10-12 10:34:51 242 [SMSServiceImpl.java:56] [main:60163954]-[INFO] SMSService stoped
2017-10-12 10:34:51 290 [OnlineBookImpl.java:39] [main:60163983]-[INFO] OnlineBook stoped
2017-10-12 10:34:51 329 [OnlineBookImpl.java:39] [main:60164041]-[INFO] OnlineBook stoped
2017-10-12 10:38:17 702 [OnlineBookImpl.java:30] [main:0]-[INFO] service name is:OnlineBook
2017-10-12 10:38:17 705 [OnlineBookImpl.java:30] [main:0]-[INFO] service name is:OnlineBook
2017-10-12 10:38:17 780 [OnlineBookImpl.java:35] [main:78]-[INFO] OnlineBook started
2017-10-12 10:38:17 792 [OnlineBookImpl.java:35] [main:87]-[INFO] OnlineBook started
2017-10-12 10:38:17 798 [OnlineBookImpl.java:24] [HellowServer2-OnlineBook-Ice.ThreadPool.Server-0:96]-[INFO] adapter called at endpoint tcp -p 57667 times 1
2017-10-12 10:41:52 641 [OnlineBookImpl.java:24] [HellowServer2-OnlineBook-Ice.ThreadPool.Server-0:214939]-[INFO] adapter called at endpoint tcp -p 57667 times 2
2017-10-12 10:41:53 644 [OnlineBookImpl.java:24] [HellowServer2-OnlineBook-Ice.ThreadPool.Server-0:215942]-[INFO] adapter called at endpoint tcp -p 57667 times 3
2017-10-12 10:41:54 647 [OnlineBookImpl.java:24] [HellowServer2-OnlineBook-Ice.ThreadPool.Server-0:216945]-[INFO] adapter called at endpoint tcp -p 57667 times 4
2017-10-12 10:41:55 648 [OnlineBookImpl.java:24] [HellowServer2-OnlineBook-Ice.ThreadPool.Server-0:217946]-[INFO] adapter called at endpoint tcp -p 57667 times 5
2017-10-12 10:41:56 653 [OnlineBookImpl.java:24] [HellowServer2-OnlineBook-Ice.ThreadPool.Server-0:218951]-[INFO] adapter called at endpoint tcp -p 57667 times 6
2017-10-12 10:41:57 655 [OnlineBookImpl.java:24] [HellowServer2-OnlineBook-Ice.ThreadPool.Server-0:219953]-[INFO] adapter called at endpoint tcp -p 57667 times 7
2017-10-12 10:41:58 657 [OnlineBookImpl.java:24] [HellowServer2-OnlineBook-Ice.ThreadPool.Server-0:220955]-[INFO] adapter called at endpoint tcp -p 57667 times 8
2017-10-12 10:41:59 660 [OnlineBookImpl.java:24] [HellowServer2-OnlineBook-Ice.ThreadPool.Server-0:221958]-[INFO] adapter called at endpoint tcp -p 57667 times 9
2017-10-12 10:42:00 662 [OnlineBookImpl.java:24] [HellowServer2-OnlineBook-Ice.ThreadPool.Server-0:222960]-[INFO] adapter called at endpoint tcp -p 57667 times 10
2017-10-12 10:42:01 671 [OnlineBookImpl.java:24] [HellowServer2-OnlineBook-Ice.ThreadPool.Server-0:223969]-[INFO] adapter called at endpoint tcp -p 57667 times 11
2017-10-12 10:42:02 673 [OnlineBookImpl.java:24] [HellowServer2-OnlineBook-Ice.ThreadPool.Server-0:224971]-[INFO] adapter called at endpoint tcp -p 57667 times 12
2017-10-12 10:42:03 676 [OnlineBookImpl.java:24] [HellowServer2-OnlineBook-Ice.ThreadPool.Server-0:225974]-[INFO] adapter called at endpoint tcp -p 57667 times 13
2017-10-12 10:42:04 681 [OnlineBookImpl.java:24] [HellowServer2-OnlineBook-Ice.ThreadPool.Server-0:226979]-[INFO] adapter called at endpoint tcp -p 57667 times 14
2017-10-12 10:42:05 689 [OnlineBookImpl.java:24] [HellowServer2-OnlineBook-Ice.ThreadPool.Server-0:227987]-[INFO] adapter called at endpoint tcp -p 57667 times 15
2017-10-12 10:42:22 656 [OnlineBookImpl.java:24] [HellowServer2-OnlineBook-Ice.ThreadPool.Server-0:244954]-[INFO] adapter called at endpoint tcp -p 57667 times 16
2017-10-12 10:42:23 660 [OnlineBookImpl.java:24] [HellowServer2-OnlineBook-Ice.ThreadPool.Server-0:245958]-[INFO] adapter called at endpoint tcp -p 57667 times 17
2017-10-12 10:42:24 665 [OnlineBookImpl.java:24] [HellowServer2-OnlineBook-Ice.ThreadPool.Server-0:246963]-[INFO] adapter called at endpoint tcp -p 57667 times 18
2017-10-12 10:42:25 670 [OnlineBookImpl.java:24] [HellowServer2-OnlineBook-Ice.ThreadPool.Server-0:247968]-[INFO] adapter called at endpoint tcp -p 57667 times 19
2017-10-12 10:42:26 674 [OnlineBookImpl.java:24] [HellowServer2-OnlineBook-Ice.ThreadPool.Server-0:248972]-[INFO] adapter called at endpoint tcp -p 57667 times 20
2017-10-12 10:42:27 677 [OnlineBookImpl.java:24] [HellowServer2-OnlineBook-Ice.ThreadPool.Server-0:249975]-[INFO] adapter called at endpoint tcp -p 57667 times 21
2017-10-12 10:42:28 679 [OnlineBookImpl.java:24] [HellowServer2-OnlineBook-Ice.ThreadPool.Server-0:250977]-[INFO] adapter called at endpoint tcp -p 57667 times 22
2017-10-12 10:42:29 684 [OnlineBookImpl.java:24] [HellowServer2-OnlineBook-Ice.ThreadPool.Server-0:251982]-[INFO] adapter called at endpoint tcp -p 57667 times 23
2017-10-12 10:42:30 691 [OnlineBookImpl.java:24] [HellowServer2-OnlineBook-Ice.ThreadPool.Server-0:252989]-[INFO] adapter called at endpoint tcp -p 57667 times 24
2017-10-12 10:42:31 698 [OnlineBookImpl.java:24] [HellowServer2-OnlineBook-Ice.ThreadPool.Server-0:253996]-[INFO] adapter called at endpoint tcp -p 57667 times 25
2017-10-12 10:42:32 703 [OnlineBookImpl.java:24] [HellowServer2-OnlineBook-Ice.ThreadPool.Server-0:255001]-[INFO] adapter called at endpoint tcp -p 57667 times 26
2017-10-12 10:42:33 706 [OnlineBookImpl.java:24] [HellowServer2-OnlineBook-Ice.ThreadPool.Server-0:256004]-[INFO] adapter called at endpoint tcp -p 57667 times 27
2017-10-12 10:42:34 708 [OnlineBookImpl.java:24] [HellowServer2-OnlineBook-Ice.ThreadPool.Server-0:257006]-[INFO] adapter called at endpoint tcp -p 57667 times 28
2017-10-12 10:42:35 713 [OnlineBookImpl.java:24] [HellowServer2-OnlineBook-Ice.ThreadPool.Server-0:258011]-[INFO] adapter called at endpoint tcp -p 57667 times 29
2017-10-12 10:42:36 718 [OnlineBookImpl.java:24] [HellowServer2-OnlineBook-Ice.ThreadPool.Server-0:259016]-[INFO] adapter called at endpoint tcp -p 57667 times 30
2017-10-12 10:42:37 721 [OnlineBookImpl.java:24] [HellowServer2-OnlineBook-Ice.ThreadPool.Server-0:260019]-[INFO] adapter called at endpoint tcp -p 57667 times 31
2017-10-12 10:42:38 724 [OnlineBookImpl.java:24] [HellowServer2-OnlineBook-Ice.ThreadPool.Server-0:261022]-[INFO] adapter called at endpoint tcp -p 57667 times 32
2017-10-12 10:42:39 730 [OnlineBookImpl.java:24] [HellowServer2-OnlineBook-Ice.ThreadPool.Server-0:262028]-[INFO] adapter called at endpoint tcp -p 57667 times 33
2017-10-12 10:42:40 736 [OnlineBookImpl.java:24] [HellowServer2-OnlineBook-Ice.ThreadPool.Server-0:263034]-[INFO] adapter called at endpoint tcp -p 57667 times 34
2017-10-12 10:42:41 740 [OnlineBookImpl.java:24] [HellowServer2-OnlineBook-Ice.ThreadPool.Server-0:264038]-[INFO] adapter called at endpoint tcp -p 57667 times 35
2017-10-12 10:42:42 744 [OnlineBookImpl.java:24] [HellowServer2-OnlineBook-Ice.ThreadPool.Server-0:265042]-[INFO] adapter called at endpoint tcp -p 57667 times 36
2017-10-12 10:42:43 748 [OnlineBookImpl.java:24] [HellowServer2-OnlineBook-Ice.ThreadPool.Server-0:266046]-[INFO] adapter called at endpoint tcp -p 57667 times 37
2017-10-12 10:42:44 751 [OnlineBookImpl.java:24] [HellowServer2-OnlineBook-Ice.ThreadPool.Server-0:267049]-[INFO] adapter called at endpoint tcp -p 57667 times 38
2017-10-12 10:42:45 756 [OnlineBookImpl.java:24] [HellowServer2-OnlineBook-Ice.ThreadPool.Server-0:268054]-[INFO] adapter called at endpoint tcp -p 57667 times 39
2017-10-12 10:42:46 763 [OnlineBookImpl.java:24] [HellowServer2-OnlineBook-Ice.ThreadPool.Server-0:269061]-[INFO] adapter called at endpoint tcp -p 57667 times 40
2017-10-12 10:42:47 768 [OnlineBookImpl.java:24] [HellowServer2-OnlineBook-Ice.ThreadPool.Server-0:270066]-[INFO] adapter called at endpoint tcp -p 57667 times 41
2017-10-12 10:42:48 771 [OnlineBookImpl.java:24] [HellowServer2-OnlineBook-Ice.ThreadPool.Server-0:271069]-[INFO] adapter called at endpoint tcp -p 57667 times 42
2017-10-12 10:42:49 775 [OnlineBookImpl.java:24] [HellowServer2-OnlineBook-Ice.ThreadPool.Server-0:272073]-[INFO] adapter called at endpoint tcp -p 57667 times 43
2017-10-12 10:42:50 779 [OnlineBookImpl.java:24] [HellowServer2-OnlineBook-Ice.ThreadPool.Server-0:273077]-[INFO] adapter called at endpoint tcp -p 57667 times 44
2017-10-12 10:42:51 781 [OnlineBookImpl.java:24] [HellowServer2-OnlineBook-Ice.ThreadPool.Server-0:274079]-[INFO] adapter called at endpoint tcp -p 57667 times 45
2017-10-12 10:42:52 786 [OnlineBookImpl.java:24] [HellowServer2-OnlineBook-Ice.ThreadPool.Server-0:275084]-[INFO] adapter called at endpoint tcp -p 57667 times 46
2017-10-12 10:42:53 791 [OnlineBookImpl.java:24] [HellowServer2-OnlineBook-Ice.ThreadPool.Server-0:276089]-[INFO] adapter called at endpoint tcp -p 57667 times 47
2017-10-12 10:42:54 793 [OnlineBookImpl.java:24] [HellowServer2-OnlineBook-Ice.ThreadPool.Server-0:277091]-[INFO] adapter called at endpoint tcp -p 57667 times 48
2017-10-12 10:42:55 797 [OnlineBookImpl.java:24] [HellowServer2-OnlineBook-Ice.ThreadPool.Server-0:278095]-[INFO] adapter called at endpoint tcp -p 57667 times 49
2017-10-12 10:42:56 802 [OnlineBookImpl.java:24] [HellowServer2-OnlineBook-Ice.ThreadPool.Server-0:279100]-[INFO] adapter called at endpoint tcp -p 57667 times 50
2017-10-12 10:42:57 806 [OnlineBookImpl.java:24] [HellowServer2-OnlineBook-Ice.ThreadPool.Server-0:280104]-[INFO] adapter called at endpoint tcp -p 57667 times 51
2017-10-12 10:42:58 811 [OnlineBookImpl.java:24] [HellowServer2-OnlineBook-Ice.ThreadPool.Server-0:281109]-[INFO] adapter called at endpoint tcp -p 57667 times 52
2017-10-12 10:42:59 814 [OnlineBookImpl.java:24] [HellowServer2-OnlineBook-Ice.ThreadPool.Server-0:282112]-[INFO] adapter called at endpoint tcp -p 57667 times 53
2017-10-12 10:43:00 816 [OnlineBookImpl.java:24] [HellowServer2-OnlineBook-Ice.ThreadPool.Server-0:283114]-[INFO] adapter called at endpoint tcp -p 57667 times 54
2017-10-12 10:43:01 819 [OnlineBookImpl.java:24] [HellowServer2-OnlineBook-Ice.ThreadPool.Server-0:284117]-[INFO] adapter called at endpoint tcp -p 57667 times 55
2017-10-12 10:43:02 825 [OnlineBookImpl.java:24] [HellowServer2-OnlineBook-Ice.ThreadPool.Server-0:285123]-[INFO] adapter called at endpoint tcp -p 57667 times 56
2017-10-12 10:43:03 828 [OnlineBookImpl.java:24] [HellowServer2-OnlineBook-Ice.ThreadPool.Server-0:286126]-[INFO] adapter called at endpoint tcp -p 57667 times 57
2017-10-12 10:43:04 831 [OnlineBookImpl.java:24] [HellowServer2-OnlineBook-Ice.ThreadPool.Server-0:287129]-[INFO] adapter called at endpoint tcp -p 57667 times 58
2017-10-12 10:43:05 835 [OnlineBookImpl.java:24] [HellowServer2-OnlineBook-Ice.ThreadPool.Server-0:288133]-[INFO] adapter called at endpoint tcp -p 57667 times 59
2017-10-12 10:43:06 838 [OnlineBookImpl.java:24] [HellowServer2-OnlineBook-Ice.ThreadPool.Server-0:289136]-[INFO] adapter called at endpoint tcp -p 57667 times 60
2017-10-12 10:43:07 842 [OnlineBookImpl.java:24] [HellowServer2-OnlineBook-Ice.ThreadPool.Server-0:290140]-[INFO] adapter called at endpoint tcp -p 57667 times 61
2017-10-12 10:43:08 846 [OnlineBookImpl.java:24] [HellowServer2-OnlineBook-Ice.ThreadPool.Server-0:291144]-[INFO] adapter called at endpoint tcp -p 57667 times 62
2017-10-12 10:43:09 852 [OnlineBookImpl.java:24] [HellowServer2-OnlineBook-Ice.ThreadPool.Server-0:292150]-[INFO] adapter called at endpoint tcp -p 57667 times 63
2017-10-12 10:43:10 855 [OnlineBookImpl.java:24] [HellowServer2-OnlineBook-Ice.ThreadPool.Server-0:293153]-[INFO] adapter called at endpoint tcp -p 57667 times 64
2017-10-12 10:43:11 860 [OnlineBookImpl.java:24] [HellowServer2-OnlineBook-Ice.ThreadPool.Server-0:294158]-[INFO] adapter called at endpoint tcp -p 57667 times 65
2017-10-12 10:43:12 864 [OnlineBookImpl.java:24] [HellowServer2-OnlineBook-Ice.ThreadPool.Server-0:295162]-[INFO] adapter called at endpoint tcp -p 57667 times 66
2017-10-12 10:43:13 869 [OnlineBookImpl.java:24] [HellowServer2-OnlineBook-Ice.ThreadPool.Server-0:296167]-[INFO] adapter called at endpoint tcp -p 57667 times 67
2017-10-12 10:43:14 875 [OnlineBookImpl.java:24] [HellowServer2-OnlineBook-Ice.ThreadPool.Server-0:297173]-[INFO] adapter called at endpoint tcp -p 57667 times 68
2017-10-12 10:43:15 881 [OnlineBookImpl.java:24] [HellowServer2-OnlineBook-Ice.ThreadPool.Server-0:298179]-[INFO] adapter called at endpoint tcp -p 57667 times 69
2017-10-12 10:43:16 884 [OnlineBookImpl.java:24] [HellowServer2-OnlineBook-Ice.ThreadPool.Server-0:299182]-[INFO] adapter called at endpoint tcp -p 57667 times 70
2017-10-12 10:43:17 888 [OnlineBookImpl.java:24] [HellowServer2-OnlineBook-Ice.ThreadPool.Server-0:300186]-[INFO] adapter called at endpoint tcp -p 57667 times 71
2017-10-12 10:43:18 893 [OnlineBookImpl.java:24] [HellowServer2-OnlineBook-Ice.ThreadPool.Server-0:301191]-[INFO] adapter called at endpoint tcp -p 57667 times 72
2017-10-12 10:43:19 898 [OnlineBookImpl.java:24] [HellowServer2-OnlineBook-Ice.ThreadPool.Server-0:302196]-[INFO] adapter called at endpoint tcp -p 57667 times 73
2017-10-12 10:43:20 902 [OnlineBookImpl.java:24] [HellowServer2-OnlineBook-Ice.ThreadPool.Server-0:303200]-[INFO] adapter called at endpoint tcp -p 57667 times 74
2017-10-12 10:43:21 905 [OnlineBookImpl.java:24] [HellowServer2-OnlineBook-Ice.ThreadPool.Server-0:304203]-[INFO] adapter called at endpoint tcp -p 57667 times 75
2017-10-12 10:43:22 908 [OnlineBookImpl.java:24] [HellowServer2-OnlineBook-Ice.ThreadPool.Server-0:305206]-[INFO] adapter called at endpoint tcp -p 57667 times 76
2017-10-12 10:43:23 914 [OnlineBookImpl.java:24] [HellowServer2-OnlineBook-Ice.ThreadPool.Server-0:306212]-[INFO] adapter called at endpoint tcp -p 57667 times 77
2017-10-12 10:43:24 920 [OnlineBookImpl.java:24] [HellowServer2-OnlineBook-Ice.ThreadPool.Server-0:307218]-[INFO] adapter called at endpoint tcp -p 57667 times 78
2017-10-12 10:43:25 924 [OnlineBookImpl.java:24] [HellowServer2-OnlineBook-Ice.ThreadPool.Server-0:308222]-[INFO] adapter called at endpoint tcp -p 57667 times 79
2017-10-12 10:43:26 927 [OnlineBookImpl.java:24] [HellowServer2-OnlineBook-Ice.ThreadPool.Server-0:309225]-[INFO] adapter called at endpoint tcp -p 57667 times 80
2017-10-12 10:43:27 931 [OnlineBookImpl.java:24] [HellowServer2-OnlineBook-Ice.ThreadPool.Server-0:310229]-[INFO] adapter called at endpoint tcp -p 57667 times 81
2017-10-12 10:43:28 935 [OnlineBookImpl.java:24] [HellowServer2-OnlineBook-Ice.ThreadPool.Server-0:311233]-[INFO] adapter called at endpoint tcp -p 57667 times 82
2017-10-12 10:43:29 941 [OnlineBookImpl.java:24] [HellowServer2-OnlineBook-Ice.ThreadPool.Server-0:312239]-[INFO] adapter called at endpoint tcp -p 57667 times 83
2017-10-12 10:43:30 945 [OnlineBookImpl.java:24] [HellowServer2-OnlineBook-Ice.ThreadPool.Server-0:313243]-[INFO] adapter called at endpoint tcp -p 57667 times 84
2017-10-12 10:43:31 949 [OnlineBookImpl.java:24] [HellowServer2-OnlineBook-Ice.ThreadPool.Server-0:314247]-[INFO] adapter called at endpoint tcp -p 57667 times 85
2017-10-12 10:43:32 953 [OnlineBookImpl.java:24] [HellowServer2-OnlineBook-Ice.ThreadPool.Server-0:315251]-[INFO] adapter called at endpoint tcp -p 57667 times 86
2017-10-12 10:43:33 957 [OnlineBookImpl.java:24] [HellowServer2-OnlineBook-Ice.ThreadPool.Server-0:316255]-[INFO] adapter called at endpoint tcp -p 57667 times 87
2017-10-12 10:43:34 963 [OnlineBookImpl.java:24] [HellowServer2-OnlineBook-Ice.ThreadPool.Server-0:317261]-[INFO] adapter called at endpoint tcp -p 57667 times 88
2017-10-12 10:43:35 967 [OnlineBookImpl.java:24] [HellowServer2-OnlineBook-Ice.ThreadPool.Server-0:318265]-[INFO] adapter called at endpoint tcp -p 57667 times 89
2017-10-12 10:43:36 970 [OnlineBookImpl.java:24] [HellowServer2-OnlineBook-Ice.ThreadPool.Server-0:319268]-[INFO] adapter called at endpoint tcp -p 57667 times 90
2017-10-12 10:43:37 973 [OnlineBookImpl.java:24] [HellowServer2-OnlineBook-Ice.ThreadPool.Server-0:320271]-[INFO] adapter called at endpoint tcp -p 57667 times 91
2017-10-12 10:43:38 978 [OnlineBookImpl.java:24] [HellowServer2-OnlineBook-Ice.ThreadPool.Server-0:321276]-[INFO] adapter called at endpoint tcp -p 57667 times 92
2017-10-12 10:43:39 982 [OnlineBookImpl.java:24] [HellowServer2-OnlineBook-Ice.ThreadPool.Server-0:322280]-[INFO] adapter called at endpoint tcp -p 57667 times 93
2017-10-12 10:43:40 987 [OnlineBookImpl.java:24] [HellowServer2-OnlineBook-Ice.ThreadPool.Server-0:323285]-[INFO] adapter called at endpoint tcp -p 57667 times 94
2017-10-12 10:43:41 991 [OnlineBookImpl.java:24] [HellowServer2-OnlineBook-Ice.ThreadPool.Server-0:324289]-[INFO] adapter called at endpoint tcp -p 57667 times 95
2017-10-12 10:43:42 995 [OnlineBookImpl.java:24] [HellowServer2-OnlineBook-Ice.ThreadPool.Server-0:325293]-[INFO] adapter called at endpoint tcp -p 57667 times 96
2017-10-12 10:43:43 999 [OnlineBookImpl.java:24] [HellowServer2-OnlineBook-Ice.ThreadPool.Server-0:326297]-[INFO] adapter called at endpoint tcp -p 57667 times 97
2017-10-12 10:43:45 004 [OnlineBookImpl.java:24] [HellowServer2-OnlineBook-Ice.ThreadPool.Server-0:327302]-[INFO] adapter called at endpoint tcp -p 57667 times 98
2017-10-12 10:43:46 008 [OnlineBookImpl.java:24] [HellowServer2-OnlineBook-Ice.ThreadPool.Server-0:328306]-[INFO] adapter called at endpoint tcp -p 57667 times 99
2017-10-12 10:43:47 012 [OnlineBookImpl.java:24] [HellowServer2-OnlineBook-Ice.ThreadPool.Server-0:329310]-[INFO] adapter called at endpoint tcp -p 57667 times 100
2017-10-12 10:43:48 015 [OnlineBookImpl.java:24] [HellowServer2-OnlineBook-Ice.ThreadPool.Server-0:330313]-[INFO] adapter called at endpoint tcp -p 57667 times 101
2017-10-12 10:43:49 020 [OnlineBookImpl.java:24] [HellowServer2-OnlineBook-Ice.ThreadPool.Server-0:331318]-[INFO] adapter called at endpoint tcp -p 57667 times 102
2017-10-12 10:43:50 024 [OnlineBookImpl.java:24] [HellowServer2-OnlineBook-Ice.ThreadPool.Server-0:332322]-[INFO] adapter called at endpoint tcp -p 57667 times 103
2017-10-12 10:43:51 031 [OnlineBookImpl.java:24] [HellowServer2-OnlineBook-Ice.ThreadPool.Server-0:333329]-[INFO] adapter called at endpoint tcp -p 57667 times 104
2017-10-12 10:43:52 036 [OnlineBookImpl.java:24] [HellowServer2-OnlineBook-Ice.ThreadPool.Server-0:334334]-[INFO] adapter called at endpoint tcp -p 57667 times 105
2017-10-12 10:43:53 040 [OnlineBookImpl.java:24] [HellowServer2-OnlineBook-Ice.ThreadPool.Server-0:335338]-[INFO] adapter called at endpoint tcp -p 57667 times 106
2017-10-12 10:43:54 043 [OnlineBookImpl.java:24] [HellowServer2-OnlineBook-Ice.ThreadPool.Server-0:336341]-[INFO] adapter called at endpoint tcp -p 57667 times 107
2017-10-12 10:43:55 046 [OnlineBookImpl.java:24] [HellowServer2-OnlineBook-Ice.ThreadPool.Server-0:337344]-[INFO] adapter called at endpoint tcp -p 57667 times 108
2017-10-12 10:43:56 052 [OnlineBookImpl.java:24] [HellowServer2-OnlineBook-Ice.ThreadPool.Server-0:338350]-[INFO] adapter called at endpoint tcp -p 57667 times 109
2017-10-12 10:43:57 056 [OnlineBookImpl.java:24] [HellowServer2-OnlineBook-Ice.ThreadPool.Server-0:339354]-[INFO] adapter called at endpoint tcp -p 57667 times 110
2017-10-12 10:43:58 060 [OnlineBookImpl.java:24] [HellowServer2-OnlineBook-Ice.ThreadPool.Server-0:340358]-[INFO] adapter called at endpoint tcp -p 57667 times 111
2017-10-12 10:43:59 063 [OnlineBookImpl.java:24] [HellowServer2-OnlineBook-Ice.ThreadPool.Server-0:341361]-[INFO] adapter called at endpoint tcp -p 57667 times 112
2017-10-12 10:44:00 068 [OnlineBookImpl.java:24] [HellowServer2-OnlineBook-Ice.ThreadPool.Server-0:342366]-[INFO] adapter called at endpoint tcp -p 57667 times 113
2017-10-12 10:44:01 073 [OnlineBookImpl.java:24] [HellowServer2-OnlineBook-Ice.ThreadPool.Server-0:343371]-[INFO] adapter called at endpoint tcp -p 57667 times 114
2017-10-12 10:44:02 078 [OnlineBookImpl.java:24] [HellowServer2-OnlineBook-Ice.ThreadPool.Server-0:344376]-[INFO] adapter called at endpoint tcp -p 57667 times 115
2017-10-12 10:44:03 082 [OnlineBookImpl.java:24] [HellowServer2-OnlineBook-Ice.ThreadPool.Server-0:345380]-[INFO] adapter called at endpoint tcp -p 57667 times 116
2017-10-12 10:44:04 086 [OnlineBookImpl.java:24] [HellowServer2-OnlineBook-Ice.ThreadPool.Server-0:346384]-[INFO] adapter called at endpoint tcp -p 57667 times 117
2017-10-12 10:44:05 088 [OnlineBookImpl.java:24] [HellowServer2-OnlineBook-Ice.ThreadPool.Server-0:347386]-[INFO] adapter called at endpoint tcp -p 57667 times 118
2017-10-12 10:44:06 090 [OnlineBookImpl.java:24] [HellowServer2-OnlineBook-Ice.ThreadPool.Server-0:348388]-[INFO] adapter called at endpoint tcp -p 57667 times 119
2017-10-12 10:44:07 093 [OnlineBookImpl.java:24] [HellowServer2-OnlineBook-Ice.ThreadPool.Server-0:349391]-[INFO] adapter called at endpoint tcp -p 57667 times 120
2017-10-12 10:44:08 097 [OnlineBookImpl.java:24] [HellowServer2-OnlineBook-Ice.ThreadPool.Server-0:350395]-[INFO] adapter called at endpoint tcp -p 57667 times 121
2017-10-12 10:44:09 102 [OnlineBookImpl.java:24] [HellowServer2-OnlineBook-Ice.ThreadPool.Server-0:351400]-[INFO] adapter called at endpoint tcp -p 57667 times 122
2017-10-12 10:44:10 106 [OnlineBookImpl.java:24] [HellowServer2-OnlineBook-Ice.ThreadPool.Server-0:352404]-[INFO] adapter called at endpoint tcp -p 57667 times 123
2017-10-12 10:44:11 110 [OnlineBookImpl.java:24] [HellowServer2-OnlineBook-Ice.ThreadPool.Server-0:353408]-[INFO] adapter called at endpoint tcp -p 57667 times 124
2017-10-12 10:44:12 113 [OnlineBookImpl.java:24] [HellowServer2-OnlineBook-Ice.ThreadPool.Server-0:354411]-[INFO] adapter called at endpoint tcp -p 57667 times 125
2017-10-12 10:44:13 117 [OnlineBookImpl.java:24] [HellowServer2-OnlineBook-Ice.ThreadPool.Server-0:355415]-[INFO] adapter called at endpoint tcp -p 57667 times 126
2017-10-12 10:44:14 122 [OnlineBookImpl.java:24] [HellowServer2-OnlineBook-Ice.ThreadPool.Server-0:356420]-[INFO] adapter called at endpoint tcp -p 57667 times 127
2017-10-12 10:44:15 125 [OnlineBookImpl.java:24] [HellowServer2-OnlineBook-Ice.ThreadPool.Server-0:357423]-[INFO] adapter called at endpoint tcp -p 57667 times 128
2017-10-12 10:44:16 127 [OnlineBookImpl.java:24] [HellowServer2-OnlineBook-Ice.ThreadPool.Server-0:358425]-[INFO] adapter called at endpoint tcp -p 57667 times 129
2017-10-12 10:44:17 130 [OnlineBookImpl.java:24] [HellowServer2-OnlineBook-Ice.ThreadPool.Server-0:359428]-[INFO] adapter called at endpoint tcp -p 57667 times 130
2017-10-12 10:44:18 134 [OnlineBookImpl.java:24] [HellowServer2-OnlineBook-Ice.ThreadPool.Server-0:360432]-[INFO] adapter called at endpoint tcp -p 57667 times 131
2017-10-12 10:44:19 139 [OnlineBookImpl.java:24] [HellowServer2-OnlineBook-Ice.ThreadPool.Server-0:361437]-[INFO] adapter called at endpoint tcp -p 57667 times 132
2017-10-12 10:44:20 143 [OnlineBookImpl.java:24] [HellowServer2-OnlineBook-Ice.ThreadPool.Server-0:362441]-[INFO] adapter called at endpoint tcp -p 57667 times 133
2017-10-12 10:44:21 147 [OnlineBookImpl.java:24] [HellowServer2-OnlineBook-Ice.ThreadPool.Server-0:363445]-[INFO] adapter called at endpoint tcp -p 57667 times 134
2017-10-12 10:44:22 151 [OnlineBookImpl.java:24] [HellowServer2-OnlineBook-Ice.ThreadPool.Server-0:364449]-[INFO] adapter called at endpoint tcp -p 57667 times 135
2017-10-12 10:44:23 155 [OnlineBookImpl.java:24] [HellowServer2-OnlineBook-Ice.ThreadPool.Server-0:365453]-[INFO] adapter called at endpoint tcp -p 57667 times 136
2017-10-12 10:44:24 159 [OnlineBookImpl.java:24] [HellowServer2-OnlineBook-Ice.ThreadPool.Server-0:366457]-[INFO] adapter called at endpoint tcp -p 57667 times 137
2017-10-12 10:44:25 161 [OnlineBookImpl.java:24] [HellowServer2-OnlineBook-Ice.ThreadPool.Server-0:367459]-[INFO] adapter called at endpoint tcp -p 57667 times 138
2017-10-12 10:44:26 164 [OnlineBookImpl.java:24] [HellowServer2-OnlineBook-Ice.ThreadPool.Server-0:368462]-[INFO] adapter called at endpoint tcp -p 57667 times 139
2017-10-12 10:44:27 168 [OnlineBookImpl.java:24] [HellowServer2-OnlineBook-Ice.ThreadPool.Server-0:369466]-[INFO] adapter called at endpoint tcp -p 57667 times 140
2017-10-12 10:44:28 173 [OnlineBookImpl.java:24] [HellowServer2-OnlineBook-Ice.ThreadPool.Server-0:370471]-[INFO] adapter called at endpoint tcp -p 57667 times 141
2017-10-12 10:44:29 181 [OnlineBookImpl.java:24] [HellowServer2-OnlineBook-Ice.ThreadPool.Server-0:371479]-[INFO] adapter called at endpoint tcp -p 57667 times 142
2017-10-12 10:44:30 186 [OnlineBookImpl.java:24] [HellowServer2-OnlineBook-Ice.ThreadPool.Server-0:372484]-[INFO] adapter called at endpoint tcp -p 57667 times 143
2017-10-12 10:44:31 189 [OnlineBookImpl.java:24] [HellowServer2-OnlineBook-Ice.ThreadPool.Server-0:373487]-[INFO] adapter called at endpoint tcp -p 57667 times 144
2017-10-12 10:44:32 191 [OnlineBookImpl.java:24] [HellowServer2-OnlineBook-Ice.ThreadPool.Server-0:374489]-[INFO] adapter called at endpoint tcp -p 57667 times 145
2017-10-12 10:44:33 198 [OnlineBookImpl.java:24] [HellowServer2-OnlineBook-Ice.ThreadPool.Server-0:375496]-[INFO] adapter called at endpoint tcp -p 57667 times 146
2017-10-12 10:44:34 203 [OnlineBookImpl.java:24] [HellowServer2-OnlineBook-Ice.ThreadPool.Server-0:376501]-[INFO] adapter called at endpoint tcp -p 57667 times 147
2017-10-12 10:44:35 206 [OnlineBookImpl.java:24] [HellowServer2-OnlineBook-Ice.ThreadPool.Server-0:377504]-[INFO] adapter called at endpoint tcp -p 57667 times 148
2017-10-12 10:44:36 210 [OnlineBookImpl.java:24] [HellowServer2-OnlineBook-Ice.ThreadPool.Server-0:378508]-[INFO] adapter called at endpoint tcp -p 57667 times 149
2017-10-12 10:44:37 212 [OnlineBookImpl.java:24] [HellowServer2-OnlineBook-Ice.ThreadPool.Server-0:379510]-[INFO] adapter called at endpoint tcp -p 57667 times 150
2017-10-12 10:44:38 214 [OnlineBookImpl.java:24] [HellowServer2-OnlineBook-Ice.ThreadPool.Server-0:380512]-[INFO] adapter called at endpoint tcp -p 57667 times 151
2017-10-12 10:44:39 217 [OnlineBookImpl.java:24] [HellowServer2-OnlineBook-Ice.ThreadPool.Server-0:381515]-[INFO] adapter called at endpoint tcp -p 57667 times 152
2017-10-12 10:44:40 221 [OnlineBookImpl.java:24] [HellowServer2-OnlineBook-Ice.ThreadPool.Server-0:382519]-[INFO] adapter called at endpoint tcp -p 57667 times 153
2017-10-12 10:44:41 227 [OnlineBookImpl.java:24] [HellowServer2-OnlineBook-Ice.ThreadPool.Server-0:383525]-[INFO] adapter called at endpoint tcp -p 57667 times 154
2017-10-12 10:44:42 232 [OnlineBookImpl.java:24] [HellowServer2-OnlineBook-Ice.ThreadPool.Server-0:384530]-[INFO] adapter called at endpoint tcp -p 57667 times 155
2017-10-12 10:44:43 238 [OnlineBookImpl.java:24] [HellowServer2-OnlineBook-Ice.ThreadPool.Server-0:385536]-[INFO] adapter called at endpoint tcp -p 57667 times 156
2017-10-12 10:44:44 241 [OnlineBookImpl.java:24] [HellowServer2-OnlineBook-Ice.ThreadPool.Server-0:386539]-[INFO] adapter called at endpoint tcp -p 57667 times 157
2017-10-12 10:44:45 246 [OnlineBookImpl.java:24] [HellowServer2-OnlineBook-Ice.ThreadPool.Server-0:387544]-[INFO] adapter called at endpoint tcp -p 57667 times 158
2017-10-12 10:44:46 250 [OnlineBookImpl.java:24] [HellowServer2-OnlineBook-Ice.ThreadPool.Server-0:388548]-[INFO] adapter called at endpoint tcp -p 57667 times 159
2017-10-12 10:44:47 253 [OnlineBookImpl.java:24] [HellowServer2-OnlineBook-Ice.ThreadPool.Server-0:389551]-[INFO] adapter called at endpoint tcp -p 57667 times 160
2017-10-12 10:44:48 255 [OnlineBookImpl.java:24] [HellowServer2-OnlineBook-Ice.ThreadPool.Server-0:390553]-[INFO] adapter called at endpoint tcp -p 57667 times 161
2017-10-12 10:44:49 258 [OnlineBookImpl.java:24] [HellowServer2-OnlineBook-Ice.ThreadPool.Server-0:391556]-[INFO] adapter called at endpoint tcp -p 57667 times 162
2017-10-12 10:44:50 262 [OnlineBookImpl.java:24] [HellowServer2-OnlineBook-Ice.ThreadPool.Server-0:392560]-[INFO] adapter called at endpoint tcp -p 57667 times 163
2017-10-12 10:44:51 265 [OnlineBookImpl.java:24] [HellowServer2-OnlineBook-Ice.ThreadPool.Server-0:393563]-[INFO] adapter called at endpoint tcp -p 57667 times 164
2017-10-12 10:44:52 268 [OnlineBookImpl.java:24] [HellowServer2-OnlineBook-Ice.ThreadPool.Server-0:394566]-[INFO] adapter called at endpoint tcp -p 57667 times 165
2017-10-12 10:44:53 271 [OnlineBookImpl.java:24] [HellowServer2-OnlineBook-Ice.ThreadPool.Server-0:395569]-[INFO] adapter called at endpoint tcp -p 57667 times 166
2017-10-12 10:44:54 277 [OnlineBookImpl.java:24] [HellowServer2-OnlineBook-Ice.ThreadPool.Server-0:396575]-[INFO] adapter called at endpoint tcp -p 57667 times 167
2017-10-12 10:44:55 279 [OnlineBookImpl.java:24] [HellowServer2-OnlineBook-Ice.ThreadPool.Server-0:397577]-[INFO] adapter called at endpoint tcp -p 57667 times 168
2017-10-12 10:44:56 282 [OnlineBookImpl.java:24] [HellowServer2-OnlineBook-Ice.ThreadPool.Server-0:398580]-[INFO] adapter called at endpoint tcp -p 57667 times 169
2017-10-12 10:44:57 285 [OnlineBookImpl.java:24] [HellowServer2-OnlineBook-Ice.ThreadPool.Server-0:399583]-[INFO] adapter called at endpoint tcp -p 57667 times 170
2017-10-12 10:44:58 287 [OnlineBookImpl.java:24] [HellowServer2-OnlineBook-Ice.ThreadPool.Server-0:400585]-[INFO] adapter called at endpoint tcp -p 57667 times 171
2017-10-12 10:44:59 290 [OnlineBookImpl.java:24] [HellowServer2-OnlineBook-Ice.ThreadPool.Server-0:401588]-[INFO] adapter called at endpoint tcp -p 57667 times 172
2017-10-12 10:45:00 293 [OnlineBookImpl.java:24] [HellowServer2-OnlineBook-Ice.ThreadPool.Server-0:402591]-[INFO] adapter called at endpoint tcp -p 57667 times 173
2017-10-12 10:45:01 297 [OnlineBookImpl.java:24] [HellowServer2-OnlineBook-Ice.ThreadPool.Server-0:403595]-[INFO] adapter called at endpoint tcp -p 57667 times 174
2017-10-12 10:45:02 302 [OnlineBookImpl.java:24] [HellowServer2-OnlineBook-Ice.ThreadPool.Server-0:404600]-[INFO] adapter called at endpoint tcp -p 57667 times 175
2017-10-12 10:45:03 307 [OnlineBookImpl.java:24] [HellowServer2-OnlineBook-Ice.ThreadPool.Server-0:405605]-[INFO] adapter called at endpoint tcp -p 57667 times 176
2017-10-12 10:45:04 310 [OnlineBookImpl.java:24] [HellowServer2-OnlineBook-Ice.ThreadPool.Server-0:406608]-[INFO] adapter called at endpoint tcp -p 57667 times 177
2017-10-12 10:45:05 313 [OnlineBookImpl.java:24] [HellowServer2-OnlineBook-Ice.ThreadPool.Server-0:407611]-[INFO] adapter called at endpoint tcp -p 57667 times 178
2017-10-12 10:45:06 315 [OnlineBookImpl.java:24] [HellowServer2-OnlineBook-Ice.ThreadPool.Server-0:408613]-[INFO] adapter called at endpoint tcp -p 57667 times 179
2017-10-12 10:45:07 317 [OnlineBookImpl.java:24] [HellowServer2-OnlineBook-Ice.ThreadPool.Server-0:409615]-[INFO] adapter called at endpoint tcp -p 57667 times 180
2017-10-12 10:45:08 319 [OnlineBookImpl.java:24] [HellowServer2-OnlineBook-Ice.ThreadPool.Server-0:410617]-[INFO] adapter called at endpoint tcp -p 57667 times 181
2017-10-12 10:45:09 321 [OnlineBookImpl.java:24] [HellowServer2-OnlineBook-Ice.ThreadPool.Server-0:411619]-[INFO] adapter called at endpoint tcp -p 57667 times 182
2017-10-12 10:45:10 324 [OnlineBookImpl.java:24] [HellowServer2-OnlineBook-Ice.ThreadPool.Server-0:412622]-[INFO] adapter called at endpoint tcp -p 57667 times 183
2017-10-12 10:45:11 326 [OnlineBookImpl.java:24] [HellowServer2-OnlineBook-Ice.ThreadPool.Server-0:413624]-[INFO] adapter called at endpoint tcp -p 57667 times 184
2017-10-12 10:45:12 329 [OnlineBookImpl.java:24] [HellowServer2-OnlineBook-Ice.ThreadPool.Server-0:414627]-[INFO] adapter called at endpoint tcp -p 57667 times 185
2017-10-12 10:45:13 333 [OnlineBookImpl.java:24] [HellowServer2-OnlineBook-Ice.ThreadPool.Server-0:415631]-[INFO] adapter called at endpoint tcp -p 57667 times 186
2017-10-12 10:45:14 337 [OnlineBookImpl.java:24] [HellowServer2-OnlineBook-Ice.ThreadPool.Server-0:416635]-[INFO] adapter called at endpoint tcp -p 57667 times 187
2017-10-12 10:45:15 338 [OnlineBookImpl.java:24] [HellowServer2-OnlineBook-Ice.ThreadPool.Server-0:417636]-[INFO] adapter called at endpoint tcp -p 57667 times 188
2017-10-12 10:45:16 342 [OnlineBookImpl.java:24] [HellowServer2-OnlineBook-Ice.ThreadPool.Server-0:418640]-[INFO] adapter called at endpoint tcp -p 57667 times 189
2017-10-12 10:45:17 346 [OnlineBookImpl.java:24] [HellowServer2-OnlineBook-Ice.ThreadPool.Server-0:419644]-[INFO] adapter called at endpoint tcp -p 57667 times 190
2017-10-12 10:45:18 350 [OnlineBookImpl.java:24] [HellowServer2-OnlineBook-Ice.ThreadPool.Server-0:420648]-[INFO] adapter called at endpoint tcp -p 57667 times 191
2017-10-12 10:45:19 355 [OnlineBookImpl.java:24] [HellowServer2-OnlineBook-Ice.ThreadPool.Server-0:421653]-[INFO] adapter called at endpoint tcp -p 57667 times 192
2017-10-12 10:45:20 359 [OnlineBookImpl.java:24] [HellowServer2-OnlineBook-Ice.ThreadPool.Server-0:422657]-[INFO] adapter called at endpoint tcp -p 57667 times 193
2017-10-12 10:45:21 365 [OnlineBookImpl.java:24] [HellowServer2-OnlineBook-Ice.ThreadPool.Server-0:423663]-[INFO] adapter called at endpoint tcp -p 57667 times 194
2017-10-12 10:45:22 368 [OnlineBookImpl.java:24] [HellowServer2-OnlineBook-Ice.ThreadPool.Server-0:424666]-[INFO] adapter called at endpoint tcp -p 57667 times 195
2017-10-12 10:45:23 373 [OnlineBookImpl.java:24] [HellowServer2-OnlineBook-Ice.ThreadPool.Server-0:425671]-[INFO] adapter called at endpoint tcp -p 57667 times 196
2017-10-12 10:45:24 377 [OnlineBookImpl.java:24] [HellowServer2-OnlineBook-Ice.ThreadPool.Server-0:426675]-[INFO] adapter called at endpoint tcp -p 57667 times 197
2017-10-12 10:45:25 380 [OnlineBookImpl.java:24] [HellowServer2-OnlineBook-Ice.ThreadPool.Server-0:427678]-[INFO] adapter called at endpoint tcp -p 57667 times 198
2017-10-12 10:45:26 382 [OnlineBookImpl.java:24] [HellowServer2-OnlineBook-Ice.ThreadPool.Server-0:428680]-[INFO] adapter called at endpoint tcp -p 57667 times 199
2017-10-12 10:45:27 386 [OnlineBookImpl.java:24] [HellowServer2-OnlineBook-Ice.ThreadPool.Server-0:429684]-[INFO] adapter called at endpoint tcp -p 57667 times 200
2017-10-12 10:59:21 383 [OnlineBookImpl.java:24] [HellowServer2-OnlineBook-Ice.ThreadPool.Server-0:1263681]-[INFO] adapter called at endpoint tcp -p 57667 times 201
2017-10-12 10:59:22 383 [OnlineBookImpl.java:24] [HellowServer2-OnlineBook-Ice.ThreadPool.Server-0:1264681]-[INFO] adapter called at endpoint tcp -p 57667 times 202
2017-10-12 10:59:23 385 [OnlineBookImpl.java:24] [HellowServer2-OnlineBook-Ice.ThreadPool.Server-0:1265683]-[INFO] adapter called at endpoint tcp -p 57667 times 203
2017-10-12 10:59:24 386 [OnlineBookImpl.java:24] [HellowServer2-OnlineBook-Ice.ThreadPool.Server-0:1266684]-[INFO] adapter called at endpoint tcp -p 57667 times 204
2017-10-12 10:59:25 388 [OnlineBookImpl.java:24] [HellowServer2-OnlineBook-Ice.ThreadPool.Server-0:1267686]-[INFO] adapter called at endpoint tcp -p 57667 times 205
2017-10-12 10:59:26 389 [OnlineBookImpl.java:24] [HellowServer2-OnlineBook-Ice.ThreadPool.Server-0:1268687]-[INFO] adapter called at endpoint tcp -p 57667 times 206
2017-10-12 10:59:27 392 [OnlineBookImpl.java:24] [HellowServer2-OnlineBook-Ice.ThreadPool.Server-0:1269690]-[INFO] adapter called at endpoint tcp -p 57667 times 207
2017-10-12 10:59:28 394 [OnlineBookImpl.java:24] [HellowServer2-OnlineBook-Ice.ThreadPool.Server-0:1270692]-[INFO] adapter called at endpoint tcp -p 57667 times 208
2017-10-12 10:59:29 396 [OnlineBookImpl.java:24] [HellowServer2-OnlineBook-Ice.ThreadPool.Server-0:1271694]-[INFO] adapter called at endpoint tcp -p 57667 times 209
2017-10-12 10:59:30 397 [OnlineBookImpl.java:24] [HellowServer2-OnlineBook-Ice.ThreadPool.Server-0:1272695]-[INFO] adapter called at endpoint tcp -p 57667 times 210
2017-10-12 10:59:31 399 [OnlineBookImpl.java:24] [HellowServer2-OnlineBook-Ice.ThreadPool.Server-0:1273697]-[INFO] adapter called at endpoint tcp -p 57667 times 211
2017-10-12 10:59:32 401 [OnlineBookImpl.java:24] [HellowServer2-OnlineBook-Ice.ThreadPool.Server-0:1274699]-[INFO] adapter called at endpoint tcp -p 57667 times 212
2017-10-12 10:59:33 403 [OnlineBookImpl.java:24] [HellowServer2-OnlineBook-Ice.ThreadPool.Server-0:1275701]-[INFO] adapter called at endpoint tcp -p 57667 times 213
2017-10-12 10:59:34 406 [OnlineBookImpl.java:24] [HellowServer2-OnlineBook-Ice.ThreadPool.Server-0:1276704]-[INFO] adapter called at endpoint tcp -p 57667 times 214
2017-10-12 10:59:35 408 [OnlineBookImpl.java:24] [HellowServer2-OnlineBook-Ice.ThreadPool.Server-0:1277706]-[INFO] adapter called at endpoint tcp -p 57667 times 215
2017-10-12 10:59:36 410 [OnlineBookImpl.java:24] [HellowServer2-OnlineBook-Ice.ThreadPool.Server-0:1278708]-[INFO] adapter called at endpoint tcp -p 57667 times 216
2017-10-12 10:59:37 411 [OnlineBookImpl.java:24] [HellowServer2-OnlineBook-Ice.ThreadPool.Server-0:1279709]-[INFO] adapter called at endpoint tcp -p 57667 times 217
2017-10-12 10:59:38 412 [OnlineBookImpl.java:24] [HellowServer2-OnlineBook-Ice.ThreadPool.Server-0:1280710]-[INFO] adapter called at endpoint tcp -p 57667 times 218
2017-10-12 10:59:39 413 [OnlineBookImpl.java:24] [HellowServer2-OnlineBook-Ice.ThreadPool.Server-0:1281711]-[INFO] adapter called at endpoint tcp -p 57667 times 219
2017-10-12 10:59:40 415 [OnlineBookImpl.java:24] [HellowServer2-OnlineBook-Ice.ThreadPool.Server-0:1282713]-[INFO] adapter called at endpoint tcp -p 57667 times 220
2017-10-12 10:59:41 417 [OnlineBookImpl.java:24] [HellowServer2-OnlineBook-Ice.ThreadPool.Server-0:1283715]-[INFO] adapter called at endpoint tcp -p 57667 times 221
2017-10-12 10:59:42 419 [OnlineBookImpl.java:24] [HellowServer2-OnlineBook-Ice.ThreadPool.Server-0:1284717]-[INFO] adapter called at endpoint tcp -p 57667 times 222
2017-10-12 10:59:43 421 [OnlineBookImpl.java:24] [HellowServer2-OnlineBook-Ice.ThreadPool.Server-0:1285719]-[INFO] adapter called at endpoint tcp -p 57667 times 223
2017-10-12 10:59:44 421 [OnlineBookImpl.java:24] [HellowServer2-OnlineBook-Ice.ThreadPool.Server-0:1286719]-[INFO] adapter called at endpoint tcp -p 57667 times 224
2017-10-12 10:59:45 423 [OnlineBookImpl.java:24] [HellowServer2-OnlineBook-Ice.ThreadPool.Server-0:1287721]-[INFO] adapter called at endpoint tcp -p 57667 times 225
2017-10-12 10:59:46 424 [OnlineBookImpl.java:24] [HellowServer2-OnlineBook-Ice.ThreadPool.Server-0:1288722]-[INFO] adapter called at endpoint tcp -p 57667 times 226
2017-10-12 10:59:47 426 [OnlineBookImpl.java:24] [HellowServer2-OnlineBook-Ice.ThreadPool.Server-0:1289724]-[INFO] adapter called at endpoint tcp -p 57667 times 227
2017-10-12 10:59:48 428 [OnlineBookImpl.java:24] [HellowServer2-OnlineBook-Ice.ThreadPool.Server-0:1290726]-[INFO] adapter called at endpoint tcp -p 57667 times 228
2017-10-12 10:59:49 429 [OnlineBookImpl.java:24] [HellowServer2-OnlineBook-Ice.ThreadPool.Server-0:1291727]-[INFO] adapter called at endpoint tcp -p 57667 times 229
2017-10-12 10:59:50 430 [OnlineBookImpl.java:24] [HellowServer2-OnlineBook-Ice.ThreadPool.Server-0:1292728]-[INFO] adapter called at endpoint tcp -p 57667 times 230
2017-10-12 10:59:51 431 [OnlineBookImpl.java:24] [HellowServer2-OnlineBook-Ice.ThreadPool.Server-0:1293729]-[INFO] adapter called at endpoint tcp -p 57667 times 231
2017-10-12 10:59:52 434 [OnlineBookImpl.java:24] [HellowServer2-OnlineBook-Ice.ThreadPool.Server-0:1294732]-[INFO] adapter called at endpoint tcp -p 57667 times 232
2017-10-12 10:59:53 436 [OnlineBookImpl.java:24] [HellowServer2-OnlineBook-Ice.ThreadPool.Server-0:1295734]-[INFO] adapter called at endpoint tcp -p 57667 times 233
2017-10-12 10:59:54 438 [OnlineBookImpl.java:24] [HellowServer2-OnlineBook-Ice.ThreadPool.Server-0:1296736]-[INFO] adapter called at endpoint tcp -p 57667 times 234
2017-10-12 10:59:55 439 [OnlineBookImpl.java:24] [HellowServer2-OnlineBook-Ice.ThreadPool.Server-0:1297737]-[INFO] adapter called at endpoint tcp -p 57667 times 235
2017-10-12 10:59:56 440 [OnlineBookImpl.java:24] [HellowServer2-OnlineBook-Ice.ThreadPool.Server-0:1298738]-[INFO] adapter called at endpoint tcp -p 57667 times 236
2017-10-12 10:59:57 442 [OnlineBookImpl.java:24] [HellowServer2-OnlineBook-Ice.ThreadPool.Server-0:1299740]-[INFO] adapter called at endpoint tcp -p 57667 times 237
2017-10-12 10:59:58 444 [OnlineBookImpl.java:24] [HellowServer2-OnlineBook-Ice.ThreadPool.Server-0:1300742]-[INFO] adapter called at endpoint tcp -p 57667 times 238
2017-10-12 10:59:59 445 [OnlineBookImpl.java:24] [HellowServer2-OnlineBook-Ice.ThreadPool.Server-0:1301743]-[INFO] adapter called at endpoint tcp -p 57667 times 239
2017-10-12 11:00:00 447 [OnlineBookImpl.java:24] [HellowServer2-OnlineBook-Ice.ThreadPool.Server-0:1302745]-[INFO] adapter called at endpoint tcp -p 57667 times 240
2017-10-12 11:00:01 451 [OnlineBookImpl.java:24] [HellowServer2-OnlineBook-Ice.ThreadPool.Server-0:1303749]-[INFO] adapter called at endpoint tcp -p 57667 times 241
2017-10-12 11:00:02 453 [OnlineBookImpl.java:24] [HellowServer2-OnlineBook-Ice.ThreadPool.Server-0:1304751]-[INFO] adapter called at endpoint tcp -p 57667 times 242
2017-10-12 11:00:03 454 [OnlineBookImpl.java:24] [HellowServer2-OnlineBook-Ice.ThreadPool.Server-0:1305752]-[INFO] adapter called at endpoint tcp -p 57667 times 243
2017-10-12 11:00:04 456 [OnlineBookImpl.java:24] [HellowServer2-OnlineBook-Ice.ThreadPool.Server-0:1306754]-[INFO] adapter called at endpoint tcp -p 57667 times 244
2017-10-12 11:00:05 458 [OnlineBookImpl.java:24] [HellowServer2-OnlineBook-Ice.ThreadPool.Server-0:1307756]-[INFO] adapter called at endpoint tcp -p 57667 times 245
2017-10-12 11:00:06 460 [OnlineBookImpl.java:24] [HellowServer2-OnlineBook-Ice.ThreadPool.Server-0:1308758]-[INFO] adapter called at endpoint tcp -p 57667 times 246
2017-10-12 11:00:07 462 [OnlineBookImpl.java:24] [HellowServer2-OnlineBook-Ice.ThreadPool.Server-0:1309760]-[INFO] adapter called at endpoint tcp -p 57667 times 247
2017-10-12 11:00:08 464 [OnlineBookImpl.java:24] [HellowServer2-OnlineBook-Ice.ThreadPool.Server-0:1310762]-[INFO] adapter called at endpoint tcp -p 57667 times 248
2017-10-12 11:00:09 467 [OnlineBookImpl.java:24] [HellowServer2-OnlineBook-Ice.ThreadPool.Server-0:1311765]-[INFO] adapter called at endpoint tcp -p 57667 times 249
2017-10-12 11:00:10 469 [OnlineBookImpl.java:24] [HellowServer2-OnlineBook-Ice.ThreadPool.Server-0:1312767]-[INFO] adapter called at endpoint tcp -p 57667 times 250
2017-10-12 11:00:11 470 [OnlineBookImpl.java:24] [HellowServer2-OnlineBook-Ice.ThreadPool.Server-0:1313768]-[INFO] adapter called at endpoint tcp -p 57667 times 251
2017-10-12 11:00:12 472 [OnlineBookImpl.java:24] [HellowServer2-OnlineBook-Ice.ThreadPool.Server-0:1314770]-[INFO] adapter called at endpoint tcp -p 57667 times 252
2017-10-12 11:00:13 480 [OnlineBookImpl.java:24] [HellowServer2-OnlineBook-Ice.ThreadPool.Server-0:1315778]-[INFO] adapter called at endpoint tcp -p 57667 times 253
2017-10-12 11:00:14 482 [OnlineBookImpl.java:24] [HellowServer2-OnlineBook-Ice.ThreadPool.Server-0:1316780]-[INFO] adapter called at endpoint tcp -p 57667 times 254
2017-10-12 11:00:15 484 [OnlineBookImpl.java:24] [HellowServer2-OnlineBook-Ice.ThreadPool.Server-0:1317782]-[INFO] adapter called at endpoint tcp -p 57667 times 255
2017-10-12 11:00:16 486 [OnlineBookImpl.java:24] [HellowServer2-OnlineBook-Ice.ThreadPool.Server-0:1318784]-[INFO] adapter called at endpoint tcp -p 57667 times 256
2017-10-12 11:00:17 488 [OnlineBookImpl.java:24] [HellowServer2-OnlineBook-Ice.ThreadPool.Server-0:1319786]-[INFO] adapter called at endpoint tcp -p 57667 times 257
2017-10-12 11:00:18 489 [OnlineBookImpl.java:24] [HellowServer2-OnlineBook-Ice.ThreadPool.Server-0:1320787]-[INFO] adapter called at endpoint tcp -p 57667 times 258
2017-10-12 11:00:19 490 [OnlineBookImpl.java:24] [HellowServer2-OnlineBook-Ice.ThreadPool.Server-0:1321788]-[INFO] adapter called at endpoint tcp -p 57667 times 259
2017-10-12 11:00:20 492 [OnlineBookImpl.java:24] [HellowServer2-OnlineBook-Ice.ThreadPool.Server-0:1322790]-[INFO] adapter called at endpoint tcp -p 57667 times 260
2017-10-12 11:00:21 494 [OnlineBookImpl.java:24] [HellowServer2-OnlineBook-Ice.ThreadPool.Server-0:1323792]-[INFO] adapter called at endpoint tcp -p 57667 times 261
2017-10-12 11:00:22 495 [OnlineBookImpl.java:24] [HellowServer2-OnlineBook-Ice.ThreadPool.Server-0:1324793]-[INFO] adapter called at endpoint tcp -p 57667 times 262
2017-10-12 11:00:23 496 [OnlineBookImpl.java:24] [HellowServer2-OnlineBook-Ice.ThreadPool.Server-0:1325794]-[INFO] adapter called at endpoint tcp -p 57667 times 263
2017-10-12 11:29:13 059 [OnlineBookImpl.java:40] [main:3055357]-[INFO] OnlineBook stoped
2017-10-12 11:29:13 064 [OnlineBookImpl.java:40] [main:3055359]-[INFO] OnlineBook stoped
2017-10-12 11:32:07 894 [OnlineBookImpl.java:30] [main:0]-[INFO] service name is:OnlineBook
2017-10-12 11:32:07 916 [OnlineBookImpl.java:30] [main:0]-[INFO] service name is:OnlineBook
2017-10-12 11:32:07 970 [OnlineBookImpl.java:35] [main:76]-[INFO] OnlineBook started
2017-10-12 11:32:07 992 [OnlineBookImpl.java:35] [main:76]-[INFO] OnlineBook started
2017-10-12 11:32:07 999 [OnlineBookImpl.java:24] [HellowServer1-OnlineBook-Ice.ThreadPool.Server-0:105]-[INFO] adapter called at endpoint tcp -p 58397 times 1
2017-10-12 11:32:09 001 [OnlineBookImpl.java:24] [HellowServer1-OnlineBook-Ice.ThreadPool.Server-0:1107]-[INFO] adapter called at endpoint tcp -p 58397 times 2
2017-10-12 11:32:10 004 [OnlineBookImpl.java:24] [HellowServer1-OnlineBook-Ice.ThreadPool.Server-0:2110]-[INFO] adapter called at endpoint tcp -p 58397 times 3
2017-10-12 11:32:15 932 [OnlineBookImpl.java:24] [HellowServer1-OnlineBook-Ice.ThreadPool.Server-0:8038]-[INFO] adapter called at endpoint tcp -p 58397 times 4
2017-10-12 11:32:23 774 [OnlineBookImpl.java:40] [main:15880]-[INFO] OnlineBook stoped
2017-10-12 11:32:23 778 [OnlineBookImpl.java:40] [main:15862]-[INFO] OnlineBook stoped
2017-10-12 11:54:29 346 [OnlineBookImpl.java:30] [main:0]-[INFO] service name is:OnlineBook
2017-10-12 11:54:29 367 [OnlineBookImpl.java:30] [main:0]-[INFO] service name is:OnlineBook
2017-10-12 11:54:29 419 [OnlineBookImpl.java:35] [main:73]-[INFO] OnlineBook started
2017-10-12 11:54:29 440 [OnlineBookImpl.java:35] [main:73]-[INFO] OnlineBook started
2017-10-12 11:54:29 446 [OnlineBookImpl.java:24] [HellowServer1-OnlineBook-Ice.ThreadPool.Server-0:100]-[INFO] adapter called at endpoint tcp -p 58759 times 1
2017-10-12 11:57:44 032 [OnlineBookImpl.java:40] [main:194686]-[INFO] OnlineBook stoped
2017-10-12 11:57:44 040 [OnlineBookImpl.java:40] [main:194673]-[INFO] OnlineBook stoped
2017-10-12 11:58:25 531 [OnlineBookImpl.java:30] [main:0]-[INFO] service name is:OnlineBook
2017-10-12 11:58:25 546 [OnlineBookImpl.java:30] [main:0]-[INFO] service name is:OnlineBook
2017-10-12 11:58:25 623 [OnlineBookImpl.java:35] [main:92]-[INFO] OnlineBook started
2017-10-12 11:58:25 642 [OnlineBookImpl.java:35] [main:96]-[INFO] OnlineBook started
2017-10-12 11:58:25 655 [OnlineBookImpl.java:24] [HellowServer1-OnlineBook-Ice.ThreadPool.Server-0:124]-[INFO] adapter called at endpoint tcp -p 58942 times 1
