2017-10-12 10:34:51,242  INFO [main] (SMSServiceImpl.java:56) - SMSService stoped
2017-10-12 10:34:51,329  INFO [main] (OnlineBookImpl.java:39) - OnlineBook stoped
2017-10-12 10:38:17,702  INFO [main] (OnlineBookImpl.java:30) - service name is:OnlineBook
2017-10-12 10:38:17,780  INFO [main] (OnlineBookImpl.java:35) - OnlineBook started
2017-10-12 10:38:17,798  INFO [HellowServer2-OnlineBook-Ice.ThreadPool.Server-0] (OnlineBookImpl.java:24) - adapter called at endpoint tcp -p 57667 times 1
2017-10-12 10:41:52,641  INFO [HellowServer2-OnlineBook-Ice.ThreadPool.Server-0] (OnlineBookImpl.java:24) - adapter called at endpoint tcp -p 57667 times 2
2017-10-12 10:41:53,644  INFO [HellowServer2-OnlineBook-Ice.ThreadPool.Server-0] (OnlineBookImpl.java:24) - adapter called at endpoint tcp -p 57667 times 3
2017-10-12 10:41:54,647  INFO [HellowServer2-OnlineBook-Ice.ThreadPool.Server-0] (OnlineBookImpl.java:24) - adapter called at endpoint tcp -p 57667 times 4
2017-10-12 10:41:55,648  INFO [HellowServer2-OnlineBook-Ice.ThreadPool.Server-0] (OnlineBookImpl.java:24) - adapter called at endpoint tcp -p 57667 times 5
2017-10-12 10:41:56,653  INFO [HellowServer2-OnlineBook-Ice.ThreadPool.Server-0] (OnlineBookImpl.java:24) - adapter called at endpoint tcp -p 57667 times 6
2017-10-12 10:41:57,655  INFO [HellowServer2-OnlineBook-Ice.ThreadPool.Server-0] (OnlineBookImpl.java:24) - adapter called at endpoint tcp -p 57667 times 7
2017-10-12 10:41:58,657  INFO [HellowServer2-OnlineBook-Ice.ThreadPool.Server-0] (OnlineBookImpl.java:24) - adapter called at endpoint tcp -p 57667 times 8
2017-10-12 10:41:59,660  INFO [HellowServer2-OnlineBook-Ice.ThreadPool.Server-0] (OnlineBookImpl.java:24) - adapter called at endpoint tcp -p 57667 times 9
2017-10-12 10:42:00,662  INFO [HellowServer2-OnlineBook-Ice.ThreadPool.Server-0] (OnlineBookImpl.java:24) - adapter called at endpoint tcp -p 57667 times 10
2017-10-12 10:42:01,671  INFO [HellowServer2-OnlineBook-Ice.ThreadPool.Server-0] (OnlineBookImpl.java:24) - adapter called at endpoint tcp -p 57667 times 11
2017-10-12 10:42:02,673  INFO [HellowServer2-OnlineBook-Ice.ThreadPool.Server-0] (OnlineBookImpl.java:24) - adapter called at endpoint tcp -p 57667 times 12
2017-10-12 10:42:03,676  INFO [HellowServer2-OnlineBook-Ice.ThreadPool.Server-0] (OnlineBookImpl.java:24) - adapter called at endpoint tcp -p 57667 times 13
2017-10-12 10:42:04,681  INFO [HellowServer2-OnlineBook-Ice.ThreadPool.Server-0] (OnlineBookImpl.java:24) - adapter called at endpoint tcp -p 57667 times 14
2017-10-12 10:42:05,689  INFO [HellowServer2-OnlineBook-Ice.ThreadPool.Server-0] (OnlineBookImpl.java:24) - adapter called at endpoint tcp -p 57667 times 15
2017-10-12 10:42:22,656  INFO [HellowServer2-OnlineBook-Ice.ThreadPool.Server-0] (OnlineBookImpl.java:24) - adapter called at endpoint tcp -p 57667 times 16
2017-10-12 10:42:23,660  INFO [HellowServer2-OnlineBook-Ice.ThreadPool.Server-0] (OnlineBookImpl.java:24) - adapter called at endpoint tcp -p 57667 times 17
2017-10-12 10:42:24,665  INFO [HellowServer2-OnlineBook-Ice.ThreadPool.Server-0] (OnlineBookImpl.java:24) - adapter called at endpoint tcp -p 57667 times 18
2017-10-12 10:42:25,670  INFO [HellowServer2-OnlineBook-Ice.ThreadPool.Server-0] (OnlineBookImpl.java:24) - adapter called at endpoint tcp -p 57667 times 19
2017-10-12 10:42:26,674  INFO [HellowServer2-OnlineBook-Ice.ThreadPool.Server-0] (OnlineBookImpl.java:24) - adapter called at endpoint tcp -p 57667 times 20
2017-10-12 10:42:27,677  INFO [HellowServer2-OnlineBook-Ice.ThreadPool.Server-0] (OnlineBookImpl.java:24) - adapter called at endpoint tcp -p 57667 times 21
2017-10-12 10:42:28,679  INFO [HellowServer2-OnlineBook-Ice.ThreadPool.Server-0] (OnlineBookImpl.java:24) - adapter called at endpoint tcp -p 57667 times 22
2017-10-12 10:42:29,684  INFO [HellowServer2-OnlineBook-Ice.ThreadPool.Server-0] (OnlineBookImpl.java:24) - adapter called at endpoint tcp -p 57667 times 23
2017-10-12 10:42:30,691  INFO [HellowServer2-OnlineBook-Ice.ThreadPool.Server-0] (OnlineBookImpl.java:24) - adapter called at endpoint tcp -p 57667 times 24
2017-10-12 10:42:31,698  INFO [HellowServer2-OnlineBook-Ice.ThreadPool.Server-0] (OnlineBookImpl.java:24) - adapter called at endpoint tcp -p 57667 times 25
2017-10-12 10:42:32,703  INFO [HellowServer2-OnlineBook-Ice.ThreadPool.Server-0] (OnlineBookImpl.java:24) - adapter called at endpoint tcp -p 57667 times 26
2017-10-12 10:42:33,706  INFO [HellowServer2-OnlineBook-Ice.ThreadPool.Server-0] (OnlineBookImpl.java:24) - adapter called at endpoint tcp -p 57667 times 27
2017-10-12 10:42:34,708  INFO [HellowServer2-OnlineBook-Ice.ThreadPool.Server-0] (OnlineBookImpl.java:24) - adapter called at endpoint tcp -p 57667 times 28
2017-10-12 10:42:35,713  INFO [HellowServer2-OnlineBook-Ice.ThreadPool.Server-0] (OnlineBookImpl.java:24) - adapter called at endpoint tcp -p 57667 times 29
2017-10-12 10:42:36,718  INFO [HellowServer2-OnlineBook-Ice.ThreadPool.Server-0] (OnlineBookImpl.java:24) - adapter called at endpoint tcp -p 57667 times 30
2017-10-12 10:42:37,721  INFO [HellowServer2-OnlineBook-Ice.ThreadPool.Server-0] (OnlineBookImpl.java:24) - adapter called at endpoint tcp -p 57667 times 31
2017-10-12 10:42:38,724  INFO [HellowServer2-OnlineBook-Ice.ThreadPool.Server-0] (OnlineBookImpl.java:24) - adapter called at endpoint tcp -p 57667 times 32
2017-10-12 10:42:39,730  INFO [HellowServer2-OnlineBook-Ice.ThreadPool.Server-0] (OnlineBookImpl.java:24) - adapter called at endpoint tcp -p 57667 times 33
2017-10-12 10:42:40,736  INFO [HellowServer2-OnlineBook-Ice.ThreadPool.Server-0] (OnlineBookImpl.java:24) - adapter called at endpoint tcp -p 57667 times 34
2017-10-12 10:42:41,740  INFO [HellowServer2-OnlineBook-Ice.ThreadPool.Server-0] (OnlineBookImpl.java:24) - adapter called at endpoint tcp -p 57667 times 35
2017-10-12 10:42:42,744  INFO [HellowServer2-OnlineBook-Ice.ThreadPool.Server-0] (OnlineBookImpl.java:24) - adapter called at endpoint tcp -p 57667 times 36
2017-10-12 10:42:43,748  INFO [HellowServer2-OnlineBook-Ice.ThreadPool.Server-0] (OnlineBookImpl.java:24) - adapter called at endpoint tcp -p 57667 times 37
2017-10-12 10:42:44,751  INFO [HellowServer2-OnlineBook-Ice.ThreadPool.Server-0] (OnlineBookImpl.java:24) - adapter called at endpoint tcp -p 57667 times 38
2017-10-12 10:42:45,756  INFO [HellowServer2-OnlineBook-Ice.ThreadPool.Server-0] (OnlineBookImpl.java:24) - adapter called at endpoint tcp -p 57667 times 39
2017-10-12 10:42:46,763  INFO [HellowServer2-OnlineBook-Ice.ThreadPool.Server-0] (OnlineBookImpl.java:24) - adapter called at endpoint tcp -p 57667 times 40
2017-10-12 10:42:47,768  INFO [HellowServer2-OnlineBook-Ice.ThreadPool.Server-0] (OnlineBookImpl.java:24) - adapter called at endpoint tcp -p 57667 times 41
2017-10-12 10:42:48,771  INFO [HellowServer2-OnlineBook-Ice.ThreadPool.Server-0] (OnlineBookImpl.java:24) - adapter called at endpoint tcp -p 57667 times 42
2017-10-12 10:42:49,775  INFO [HellowServer2-OnlineBook-Ice.ThreadPool.Server-0] (OnlineBookImpl.java:24) - adapter called at endpoint tcp -p 57667 times 43
2017-10-12 10:42:50,779  INFO [HellowServer2-OnlineBook-Ice.ThreadPool.Server-0] (OnlineBookImpl.java:24) - adapter called at endpoint tcp -p 57667 times 44
2017-10-12 10:42:51,781  INFO [HellowServer2-OnlineBook-Ice.ThreadPool.Server-0] (OnlineBookImpl.java:24) - adapter called at endpoint tcp -p 57667 times 45
2017-10-12 10:42:52,786  INFO [HellowServer2-OnlineBook-Ice.ThreadPool.Server-0] (OnlineBookImpl.java:24) - adapter called at endpoint tcp -p 57667 times 46
2017-10-12 10:42:53,791  INFO [HellowServer2-OnlineBook-Ice.ThreadPool.Server-0] (OnlineBookImpl.java:24) - adapter called at endpoint tcp -p 57667 times 47
2017-10-12 10:42:54,793  INFO [HellowServer2-OnlineBook-Ice.ThreadPool.Server-0] (OnlineBookImpl.java:24) - adapter called at endpoint tcp -p 57667 times 48
2017-10-12 10:42:55,797  INFO [HellowServer2-OnlineBook-Ice.ThreadPool.Server-0] (OnlineBookImpl.java:24) - adapter called at endpoint tcp -p 57667 times 49
2017-10-12 10:42:56,802  INFO [HellowServer2-OnlineBook-Ice.ThreadPool.Server-0] (OnlineBookImpl.java:24) - adapter called at endpoint tcp -p 57667 times 50
2017-10-12 10:42:57,806  INFO [HellowServer2-OnlineBook-Ice.ThreadPool.Server-0] (OnlineBookImpl.java:24) - adapter called at endpoint tcp -p 57667 times 51
2017-10-12 10:42:58,811  INFO [HellowServer2-OnlineBook-Ice.ThreadPool.Server-0] (OnlineBookImpl.java:24) - adapter called at endpoint tcp -p 57667 times 52
2017-10-12 10:42:59,814  INFO [HellowServer2-OnlineBook-Ice.ThreadPool.Server-0] (OnlineBookImpl.java:24) - adapter called at endpoint tcp -p 57667 times 53
2017-10-12 10:43:00,816  INFO [HellowServer2-OnlineBook-Ice.ThreadPool.Server-0] (OnlineBookImpl.java:24) - adapter called at endpoint tcp -p 57667 times 54
2017-10-12 10:43:01,819  INFO [HellowServer2-OnlineBook-Ice.ThreadPool.Server-0] (OnlineBookImpl.java:24) - adapter called at endpoint tcp -p 57667 times 55
2017-10-12 10:43:02,825  INFO [HellowServer2-OnlineBook-Ice.ThreadPool.Server-0] (OnlineBookImpl.java:24) - adapter called at endpoint tcp -p 57667 times 56
2017-10-12 10:43:03,828  INFO [HellowServer2-OnlineBook-Ice.ThreadPool.Server-0] (OnlineBookImpl.java:24) - adapter called at endpoint tcp -p 57667 times 57
2017-10-12 10:43:04,831  INFO [HellowServer2-OnlineBook-Ice.ThreadPool.Server-0] (OnlineBookImpl.java:24) - adapter called at endpoint tcp -p 57667 times 58
2017-10-12 10:43:05,835  INFO [HellowServer2-OnlineBook-Ice.ThreadPool.Server-0] (OnlineBookImpl.java:24) - adapter called at endpoint tcp -p 57667 times 59
2017-10-12 10:43:06,838  INFO [HellowServer2-OnlineBook-Ice.ThreadPool.Server-0] (OnlineBookImpl.java:24) - adapter called at endpoint tcp -p 57667 times 60
2017-10-12 10:43:07,842  INFO [HellowServer2-OnlineBook-Ice.ThreadPool.Server-0] (OnlineBookImpl.java:24) - adapter called at endpoint tcp -p 57667 times 61
2017-10-12 10:43:08,846  INFO [HellowServer2-OnlineBook-Ice.ThreadPool.Server-0] (OnlineBookImpl.java:24) - adapter called at endpoint tcp -p 57667 times 62
2017-10-12 10:43:09,852  INFO [HellowServer2-OnlineBook-Ice.ThreadPool.Server-0] (OnlineBookImpl.java:24) - adapter called at endpoint tcp -p 57667 times 63
2017-10-12 10:43:10,855  INFO [HellowServer2-OnlineBook-Ice.ThreadPool.Server-0] (OnlineBookImpl.java:24) - adapter called at endpoint tcp -p 57667 times 64
2017-10-12 10:43:11,860  INFO [HellowServer2-OnlineBook-Ice.ThreadPool.Server-0] (OnlineBookImpl.java:24) - adapter called at endpoint tcp -p 57667 times 65
2017-10-12 10:43:12,864  INFO [HellowServer2-OnlineBook-Ice.ThreadPool.Server-0] (OnlineBookImpl.java:24) - adapter called at endpoint tcp -p 57667 times 66
2017-10-12 10:43:13,869  INFO [HellowServer2-OnlineBook-Ice.ThreadPool.Server-0] (OnlineBookImpl.java:24) - adapter called at endpoint tcp -p 57667 times 67
2017-10-12 10:43:14,875  INFO [HellowServer2-OnlineBook-Ice.ThreadPool.Server-0] (OnlineBookImpl.java:24) - adapter called at endpoint tcp -p 57667 times 68
2017-10-12 10:43:15,881  INFO [HellowServer2-OnlineBook-Ice.ThreadPool.Server-0] (OnlineBookImpl.java:24) - adapter called at endpoint tcp -p 57667 times 69
2017-10-12 10:43:16,884  INFO [HellowServer2-OnlineBook-Ice.ThreadPool.Server-0] (OnlineBookImpl.java:24) - adapter called at endpoint tcp -p 57667 times 70
2017-10-12 10:43:17,888  INFO [HellowServer2-OnlineBook-Ice.ThreadPool.Server-0] (OnlineBookImpl.java:24) - adapter called at endpoint tcp -p 57667 times 71
2017-10-12 10:43:18,893  INFO [HellowServer2-OnlineBook-Ice.ThreadPool.Server-0] (OnlineBookImpl.java:24) - adapter called at endpoint tcp -p 57667 times 72
2017-10-12 10:43:19,898  INFO [HellowServer2-OnlineBook-Ice.ThreadPool.Server-0] (OnlineBookImpl.java:24) - adapter called at endpoint tcp -p 57667 times 73
2017-10-12 10:43:20,902  INFO [HellowServer2-OnlineBook-Ice.ThreadPool.Server-0] (OnlineBookImpl.java:24) - adapter called at endpoint tcp -p 57667 times 74
2017-10-12 10:43:21,905  INFO [HellowServer2-OnlineBook-Ice.ThreadPool.Server-0] (OnlineBookImpl.java:24) - adapter called at endpoint tcp -p 57667 times 75
2017-10-12 10:43:22,908  INFO [HellowServer2-OnlineBook-Ice.ThreadPool.Server-0] (OnlineBookImpl.java:24) - adapter called at endpoint tcp -p 57667 times 76
2017-10-12 10:43:23,914  INFO [HellowServer2-OnlineBook-Ice.ThreadPool.Server-0] (OnlineBookImpl.java:24) - adapter called at endpoint tcp -p 57667 times 77
2017-10-12 10:43:24,920  INFO [HellowServer2-OnlineBook-Ice.ThreadPool.Server-0] (OnlineBookImpl.java:24) - adapter called at endpoint tcp -p 57667 times 78
2017-10-12 10:43:25,924  INFO [HellowServer2-OnlineBook-Ice.ThreadPool.Server-0] (OnlineBookImpl.java:24) - adapter called at endpoint tcp -p 57667 times 79
2017-10-12 10:43:26,927  INFO [HellowServer2-OnlineBook-Ice.ThreadPool.Server-0] (OnlineBookImpl.java:24) - adapter called at endpoint tcp -p 57667 times 80
2017-10-12 10:43:27,931  INFO [HellowServer2-OnlineBook-Ice.ThreadPool.Server-0] (OnlineBookImpl.java:24) - adapter called at endpoint tcp -p 57667 times 81
2017-10-12 10:43:28,935  INFO [HellowServer2-OnlineBook-Ice.ThreadPool.Server-0] (OnlineBookImpl.java:24) - adapter called at endpoint tcp -p 57667 times 82
2017-10-12 10:43:29,941  INFO [HellowServer2-OnlineBook-Ice.ThreadPool.Server-0] (OnlineBookImpl.java:24) - adapter called at endpoint tcp -p 57667 times 83
2017-10-12 10:43:30,945  INFO [HellowServer2-OnlineBook-Ice.ThreadPool.Server-0] (OnlineBookImpl.java:24) - adapter called at endpoint tcp -p 57667 times 84
2017-10-12 10:43:31,949  INFO [HellowServer2-OnlineBook-Ice.ThreadPool.Server-0] (OnlineBookImpl.java:24) - adapter called at endpoint tcp -p 57667 times 85
2017-10-12 10:43:32,953  INFO [HellowServer2-OnlineBook-Ice.ThreadPool.Server-0] (OnlineBookImpl.java:24) - adapter called at endpoint tcp -p 57667 times 86
2017-10-12 10:43:33,957  INFO [HellowServer2-OnlineBook-Ice.ThreadPool.Server-0] (OnlineBookImpl.java:24) - adapter called at endpoint tcp -p 57667 times 87
2017-10-12 10:43:34,963  INFO [HellowServer2-OnlineBook-Ice.ThreadPool.Server-0] (OnlineBookImpl.java:24) - adapter called at endpoint tcp -p 57667 times 88
2017-10-12 10:43:35,967  INFO [HellowServer2-OnlineBook-Ice.ThreadPool.Server-0] (OnlineBookImpl.java:24) - adapter called at endpoint tcp -p 57667 times 89
2017-10-12 10:43:36,970  INFO [HellowServer2-OnlineBook-Ice.ThreadPool.Server-0] (OnlineBookImpl.java:24) - adapter called at endpoint tcp -p 57667 times 90
2017-10-12 10:43:37,973  INFO [HellowServer2-OnlineBook-Ice.ThreadPool.Server-0] (OnlineBookImpl.java:24) - adapter called at endpoint tcp -p 57667 times 91
2017-10-12 10:43:38,978  INFO [HellowServer2-OnlineBook-Ice.ThreadPool.Server-0] (OnlineBookImpl.java:24) - adapter called at endpoint tcp -p 57667 times 92
2017-10-12 10:43:39,982  INFO [HellowServer2-OnlineBook-Ice.ThreadPool.Server-0] (OnlineBookImpl.java:24) - adapter called at endpoint tcp -p 57667 times 93
2017-10-12 10:43:40,987  INFO [HellowServer2-OnlineBook-Ice.ThreadPool.Server-0] (OnlineBookImpl.java:24) - adapter called at endpoint tcp -p 57667 times 94
2017-10-12 10:43:41,991  INFO [HellowServer2-OnlineBook-Ice.ThreadPool.Server-0] (OnlineBookImpl.java:24) - adapter called at endpoint tcp -p 57667 times 95
2017-10-12 10:43:42,995  INFO [HellowServer2-OnlineBook-Ice.ThreadPool.Server-0] (OnlineBookImpl.java:24) - adapter called at endpoint tcp -p 57667 times 96
2017-10-12 10:43:43,999  INFO [HellowServer2-OnlineBook-Ice.ThreadPool.Server-0] (OnlineBookImpl.java:24) - adapter called at endpoint tcp -p 57667 times 97
2017-10-12 10:43:45,004  INFO [HellowServer2-OnlineBook-Ice.ThreadPool.Server-0] (OnlineBookImpl.java:24) - adapter called at endpoint tcp -p 57667 times 98
2017-10-12 10:43:46,008  INFO [HellowServer2-OnlineBook-Ice.ThreadPool.Server-0] (OnlineBookImpl.java:24) - adapter called at endpoint tcp -p 57667 times 99
2017-10-12 10:43:47,012  INFO [HellowServer2-OnlineBook-Ice.ThreadPool.Server-0] (OnlineBookImpl.java:24) - adapter called at endpoint tcp -p 57667 times 100
2017-10-12 10:43:48,015  INFO [HellowServer2-OnlineBook-Ice.ThreadPool.Server-0] (OnlineBookImpl.java:24) - adapter called at endpoint tcp -p 57667 times 101
2017-10-12 10:43:49,020  INFO [HellowServer2-OnlineBook-Ice.ThreadPool.Server-0] (OnlineBookImpl.java:24) - adapter called at endpoint tcp -p 57667 times 102
2017-10-12 10:43:50,024  INFO [HellowServer2-OnlineBook-Ice.ThreadPool.Server-0] (OnlineBookImpl.java:24) - adapter called at endpoint tcp -p 57667 times 103
2017-10-12 10:43:51,031  INFO [HellowServer2-OnlineBook-Ice.ThreadPool.Server-0] (OnlineBookImpl.java:24) - adapter called at endpoint tcp -p 57667 times 104
2017-10-12 10:43:52,036  INFO [HellowServer2-OnlineBook-Ice.ThreadPool.Server-0] (OnlineBookImpl.java:24) - adapter called at endpoint tcp -p 57667 times 105
2017-10-12 10:43:53,040  INFO [HellowServer2-OnlineBook-Ice.ThreadPool.Server-0] (OnlineBookImpl.java:24) - adapter called at endpoint tcp -p 57667 times 106
2017-10-12 10:43:54,043  INFO [HellowServer2-OnlineBook-Ice.ThreadPool.Server-0] (OnlineBookImpl.java:24) - adapter called at endpoint tcp -p 57667 times 107
2017-10-12 10:43:55,046  INFO [HellowServer2-OnlineBook-Ice.ThreadPool.Server-0] (OnlineBookImpl.java:24) - adapter called at endpoint tcp -p 57667 times 108
2017-10-12 10:43:56,052  INFO [HellowServer2-OnlineBook-Ice.ThreadPool.Server-0] (OnlineBookImpl.java:24) - adapter called at endpoint tcp -p 57667 times 109
2017-10-12 10:43:57,056  INFO [HellowServer2-OnlineBook-Ice.ThreadPool.Server-0] (OnlineBookImpl.java:24) - adapter called at endpoint tcp -p 57667 times 110
2017-10-12 10:43:58,060  INFO [HellowServer2-OnlineBook-Ice.ThreadPool.Server-0] (OnlineBookImpl.java:24) - adapter called at endpoint tcp -p 57667 times 111
2017-10-12 10:43:59,063  INFO [HellowServer2-OnlineBook-Ice.ThreadPool.Server-0] (OnlineBookImpl.java:24) - adapter called at endpoint tcp -p 57667 times 112
2017-10-12 10:44:00,068  INFO [HellowServer2-OnlineBook-Ice.ThreadPool.Server-0] (OnlineBookImpl.java:24) - adapter called at endpoint tcp -p 57667 times 113
2017-10-12 10:44:01,073  INFO [HellowServer2-OnlineBook-Ice.ThreadPool.Server-0] (OnlineBookImpl.java:24) - adapter called at endpoint tcp -p 57667 times 114
2017-10-12 10:44:02,078  INFO [HellowServer2-OnlineBook-Ice.ThreadPool.Server-0] (OnlineBookImpl.java:24) - adapter called at endpoint tcp -p 57667 times 115
2017-10-12 10:44:03,082  INFO [HellowServer2-OnlineBook-Ice.ThreadPool.Server-0] (OnlineBookImpl.java:24) - adapter called at endpoint tcp -p 57667 times 116
2017-10-12 10:44:04,086  INFO [HellowServer2-OnlineBook-Ice.ThreadPool.Server-0] (OnlineBookImpl.java:24) - adapter called at endpoint tcp -p 57667 times 117
2017-10-12 10:44:05,088  INFO [HellowServer2-OnlineBook-Ice.ThreadPool.Server-0] (OnlineBookImpl.java:24) - adapter called at endpoint tcp -p 57667 times 118
2017-10-12 10:44:06,090  INFO [HellowServer2-OnlineBook-Ice.ThreadPool.Server-0] (OnlineBookImpl.java:24) - adapter called at endpoint tcp -p 57667 times 119
2017-10-12 10:44:07,093  INFO [HellowServer2-OnlineBook-Ice.ThreadPool.Server-0] (OnlineBookImpl.java:24) - adapter called at endpoint tcp -p 57667 times 120
2017-10-12 10:44:08,097  INFO [HellowServer2-OnlineBook-Ice.ThreadPool.Server-0] (OnlineBookImpl.java:24) - adapter called at endpoint tcp -p 57667 times 121
2017-10-12 10:44:09,102  INFO [HellowServer2-OnlineBook-Ice.ThreadPool.Server-0] (OnlineBookImpl.java:24) - adapter called at endpoint tcp -p 57667 times 122
2017-10-12 10:44:10,106  INFO [HellowServer2-OnlineBook-Ice.ThreadPool.Server-0] (OnlineBookImpl.java:24) - adapter called at endpoint tcp -p 57667 times 123
2017-10-12 10:44:11,110  INFO [HellowServer2-OnlineBook-Ice.ThreadPool.Server-0] (OnlineBookImpl.java:24) - adapter called at endpoint tcp -p 57667 times 124
2017-10-12 10:44:12,113  INFO [HellowServer2-OnlineBook-Ice.ThreadPool.Server-0] (OnlineBookImpl.java:24) - adapter called at endpoint tcp -p 57667 times 125
2017-10-12 10:44:13,117  INFO [HellowServer2-OnlineBook-Ice.ThreadPool.Server-0] (OnlineBookImpl.java:24) - adapter called at endpoint tcp -p 57667 times 126
2017-10-12 10:44:14,122  INFO [HellowServer2-OnlineBook-Ice.ThreadPool.Server-0] (OnlineBookImpl.java:24) - adapter called at endpoint tcp -p 57667 times 127
2017-10-12 10:44:15,125  INFO [HellowServer2-OnlineBook-Ice.ThreadPool.Server-0] (OnlineBookImpl.java:24) - adapter called at endpoint tcp -p 57667 times 128
2017-10-12 10:44:16,127  INFO [HellowServer2-OnlineBook-Ice.ThreadPool.Server-0] (OnlineBookImpl.java:24) - adapter called at endpoint tcp -p 57667 times 129
2017-10-12 10:44:17,130  INFO [HellowServer2-OnlineBook-Ice.ThreadPool.Server-0] (OnlineBookImpl.java:24) - adapter called at endpoint tcp -p 57667 times 130
2017-10-12 10:44:18,134  INFO [HellowServer2-OnlineBook-Ice.ThreadPool.Server-0] (OnlineBookImpl.java:24) - adapter called at endpoint tcp -p 57667 times 131
2017-10-12 10:44:19,139  INFO [HellowServer2-OnlineBook-Ice.ThreadPool.Server-0] (OnlineBookImpl.java:24) - adapter called at endpoint tcp -p 57667 times 132
2017-10-12 10:44:20,143  INFO [HellowServer2-OnlineBook-Ice.ThreadPool.Server-0] (OnlineBookImpl.java:24) - adapter called at endpoint tcp -p 57667 times 133
2017-10-12 10:44:21,147  INFO [HellowServer2-OnlineBook-Ice.ThreadPool.Server-0] (OnlineBookImpl.java:24) - adapter called at endpoint tcp -p 57667 times 134
2017-10-12 10:44:22,151  INFO [HellowServer2-OnlineBook-Ice.ThreadPool.Server-0] (OnlineBookImpl.java:24) - adapter called at endpoint tcp -p 57667 times 135
2017-10-12 10:44:23,155  INFO [HellowServer2-OnlineBook-Ice.ThreadPool.Server-0] (OnlineBookImpl.java:24) - adapter called at endpoint tcp -p 57667 times 136
2017-10-12 10:44:24,159  INFO [HellowServer2-OnlineBook-Ice.ThreadPool.Server-0] (OnlineBookImpl.java:24) - adapter called at endpoint tcp -p 57667 times 137
2017-10-12 10:44:25,161  INFO [HellowServer2-OnlineBook-Ice.ThreadPool.Server-0] (OnlineBookImpl.java:24) - adapter called at endpoint tcp -p 57667 times 138
2017-10-12 10:44:26,164  INFO [HellowServer2-OnlineBook-Ice.ThreadPool.Server-0] (OnlineBookImpl.java:24) - adapter called at endpoint tcp -p 57667 times 139
2017-10-12 10:44:27,168  INFO [HellowServer2-OnlineBook-Ice.ThreadPool.Server-0] (OnlineBookImpl.java:24) - adapter called at endpoint tcp -p 57667 times 140
2017-10-12 10:44:28,173  INFO [HellowServer2-OnlineBook-Ice.ThreadPool.Server-0] (OnlineBookImpl.java:24) - adapter called at endpoint tcp -p 57667 times 141
2017-10-12 10:44:29,181  INFO [HellowServer2-OnlineBook-Ice.ThreadPool.Server-0] (OnlineBookImpl.java:24) - adapter called at endpoint tcp -p 57667 times 142
2017-10-12 10:44:30,186  INFO [HellowServer2-OnlineBook-Ice.ThreadPool.Server-0] (OnlineBookImpl.java:24) - adapter called at endpoint tcp -p 57667 times 143
2017-10-12 10:44:31,189  INFO [HellowServer2-OnlineBook-Ice.ThreadPool.Server-0] (OnlineBookImpl.java:24) - adapter called at endpoint tcp -p 57667 times 144
2017-10-12 10:44:32,191  INFO [HellowServer2-OnlineBook-Ice.ThreadPool.Server-0] (OnlineBookImpl.java:24) - adapter called at endpoint tcp -p 57667 times 145
2017-10-12 10:44:33,198  INFO [HellowServer2-OnlineBook-Ice.ThreadPool.Server-0] (OnlineBookImpl.java:24) - adapter called at endpoint tcp -p 57667 times 146
2017-10-12 10:44:34,203  INFO [HellowServer2-OnlineBook-Ice.ThreadPool.Server-0] (OnlineBookImpl.java:24) - adapter called at endpoint tcp -p 57667 times 147
2017-10-12 10:44:35,206  INFO [HellowServer2-OnlineBook-Ice.ThreadPool.Server-0] (OnlineBookImpl.java:24) - adapter called at endpoint tcp -p 57667 times 148
2017-10-12 10:44:36,210  INFO [HellowServer2-OnlineBook-Ice.ThreadPool.Server-0] (OnlineBookImpl.java:24) - adapter called at endpoint tcp -p 57667 times 149
2017-10-12 10:44:37,212  INFO [HellowServer2-OnlineBook-Ice.ThreadPool.Server-0] (OnlineBookImpl.java:24) - adapter called at endpoint tcp -p 57667 times 150
2017-10-12 10:44:38,214  INFO [HellowServer2-OnlineBook-Ice.ThreadPool.Server-0] (OnlineBookImpl.java:24) - adapter called at endpoint tcp -p 57667 times 151
2017-10-12 10:44:39,217  INFO [HellowServer2-OnlineBook-Ice.ThreadPool.Server-0] (OnlineBookImpl.java:24) - adapter called at endpoint tcp -p 57667 times 152
2017-10-12 10:44:40,221  INFO [HellowServer2-OnlineBook-Ice.ThreadPool.Server-0] (OnlineBookImpl.java:24) - adapter called at endpoint tcp -p 57667 times 153
2017-10-12 10:44:41,227  INFO [HellowServer2-OnlineBook-Ice.ThreadPool.Server-0] (OnlineBookImpl.java:24) - adapter called at endpoint tcp -p 57667 times 154
2017-10-12 10:44:42,232  INFO [HellowServer2-OnlineBook-Ice.ThreadPool.Server-0] (OnlineBookImpl.java:24) - adapter called at endpoint tcp -p 57667 times 155
2017-10-12 10:44:43,238  INFO [HellowServer2-OnlineBook-Ice.ThreadPool.Server-0] (OnlineBookImpl.java:24) - adapter called at endpoint tcp -p 57667 times 156
2017-10-12 10:44:44,241  INFO [HellowServer2-OnlineBook-Ice.ThreadPool.Server-0] (OnlineBookImpl.java:24) - adapter called at endpoint tcp -p 57667 times 157
2017-10-12 10:44:45,246  INFO [HellowServer2-OnlineBook-Ice.ThreadPool.Server-0] (OnlineBookImpl.java:24) - adapter called at endpoint tcp -p 57667 times 158
2017-10-12 10:44:46,250  INFO [HellowServer2-OnlineBook-Ice.ThreadPool.Server-0] (OnlineBookImpl.java:24) - adapter called at endpoint tcp -p 57667 times 159
2017-10-12 10:44:47,253  INFO [HellowServer2-OnlineBook-Ice.ThreadPool.Server-0] (OnlineBookImpl.java:24) - adapter called at endpoint tcp -p 57667 times 160
2017-10-12 10:44:48,255  INFO [HellowServer2-OnlineBook-Ice.ThreadPool.Server-0] (OnlineBookImpl.java:24) - adapter called at endpoint tcp -p 57667 times 161
2017-10-12 10:44:49,258  INFO [HellowServer2-OnlineBook-Ice.ThreadPool.Server-0] (OnlineBookImpl.java:24) - adapter called at endpoint tcp -p 57667 times 162
2017-10-12 10:44:50,262  INFO [HellowServer2-OnlineBook-Ice.ThreadPool.Server-0] (OnlineBookImpl.java:24) - adapter called at endpoint tcp -p 57667 times 163
2017-10-12 10:44:51,265  INFO [HellowServer2-OnlineBook-Ice.ThreadPool.Server-0] (OnlineBookImpl.java:24) - adapter called at endpoint tcp -p 57667 times 164
2017-10-12 10:44:52,268  INFO [HellowServer2-OnlineBook-Ice.ThreadPool.Server-0] (OnlineBookImpl.java:24) - adapter called at endpoint tcp -p 57667 times 165
2017-10-12 10:44:53,271  INFO [HellowServer2-OnlineBook-Ice.ThreadPool.Server-0] (OnlineBookImpl.java:24) - adapter called at endpoint tcp -p 57667 times 166
2017-10-12 10:44:54,277  INFO [HellowServer2-OnlineBook-Ice.ThreadPool.Server-0] (OnlineBookImpl.java:24) - adapter called at endpoint tcp -p 57667 times 167
2017-10-12 10:44:55,279  INFO [HellowServer2-OnlineBook-Ice.ThreadPool.Server-0] (OnlineBookImpl.java:24) - adapter called at endpoint tcp -p 57667 times 168
2017-10-12 10:44:56,282  INFO [HellowServer2-OnlineBook-Ice.ThreadPool.Server-0] (OnlineBookImpl.java:24) - adapter called at endpoint tcp -p 57667 times 169
2017-10-12 10:44:57,285  INFO [HellowServer2-OnlineBook-Ice.ThreadPool.Server-0] (OnlineBookImpl.java:24) - adapter called at endpoint tcp -p 57667 times 170
2017-10-12 10:44:58,287  INFO [HellowServer2-OnlineBook-Ice.ThreadPool.Server-0] (OnlineBookImpl.java:24) - adapter called at endpoint tcp -p 57667 times 171
2017-10-12 10:44:59,290  INFO [HellowServer2-OnlineBook-Ice.ThreadPool.Server-0] (OnlineBookImpl.java:24) - adapter called at endpoint tcp -p 57667 times 172
2017-10-12 10:45:00,293  INFO [HellowServer2-OnlineBook-Ice.ThreadPool.Server-0] (OnlineBookImpl.java:24) - adapter called at endpoint tcp -p 57667 times 173
2017-10-12 10:45:01,297  INFO [HellowServer2-OnlineBook-Ice.ThreadPool.Server-0] (OnlineBookImpl.java:24) - adapter called at endpoint tcp -p 57667 times 174
2017-10-12 10:45:02,302  INFO [HellowServer2-OnlineBook-Ice.ThreadPool.Server-0] (OnlineBookImpl.java:24) - adapter called at endpoint tcp -p 57667 times 175
2017-10-12 10:45:03,307  INFO [HellowServer2-OnlineBook-Ice.ThreadPool.Server-0] (OnlineBookImpl.java:24) - adapter called at endpoint tcp -p 57667 times 176
2017-10-12 10:45:04,310  INFO [HellowServer2-OnlineBook-Ice.ThreadPool.Server-0] (OnlineBookImpl.java:24) - adapter called at endpoint tcp -p 57667 times 177
2017-10-12 10:45:05,313  INFO [HellowServer2-OnlineBook-Ice.ThreadPool.Server-0] (OnlineBookImpl.java:24) - adapter called at endpoint tcp -p 57667 times 178
2017-10-12 10:45:06,315  INFO [HellowServer2-OnlineBook-Ice.ThreadPool.Server-0] (OnlineBookImpl.java:24) - adapter called at endpoint tcp -p 57667 times 179
2017-10-12 10:45:07,317  INFO [HellowServer2-OnlineBook-Ice.ThreadPool.Server-0] (OnlineBookImpl.java:24) - adapter called at endpoint tcp -p 57667 times 180
2017-10-12 10:45:08,319  INFO [HellowServer2-OnlineBook-Ice.ThreadPool.Server-0] (OnlineBookImpl.java:24) - adapter called at endpoint tcp -p 57667 times 181
2017-10-12 10:45:09,321  INFO [HellowServer2-OnlineBook-Ice.ThreadPool.Server-0] (OnlineBookImpl.java:24) - adapter called at endpoint tcp -p 57667 times 182
2017-10-12 10:45:10,324  INFO [HellowServer2-OnlineBook-Ice.ThreadPool.Server-0] (OnlineBookImpl.java:24) - adapter called at endpoint tcp -p 57667 times 183
2017-10-12 10:45:11,326  INFO [HellowServer2-OnlineBook-Ice.ThreadPool.Server-0] (OnlineBookImpl.java:24) - adapter called at endpoint tcp -p 57667 times 184
2017-10-12 10:45:12,329  INFO [HellowServer2-OnlineBook-Ice.ThreadPool.Server-0] (OnlineBookImpl.java:24) - adapter called at endpoint tcp -p 57667 times 185
2017-10-12 10:45:13,333  INFO [HellowServer2-OnlineBook-Ice.ThreadPool.Server-0] (OnlineBookImpl.java:24) - adapter called at endpoint tcp -p 57667 times 186
2017-10-12 10:45:14,337  INFO [HellowServer2-OnlineBook-Ice.ThreadPool.Server-0] (OnlineBookImpl.java:24) - adapter called at endpoint tcp -p 57667 times 187
2017-10-12 10:45:15,338  INFO [HellowServer2-OnlineBook-Ice.ThreadPool.Server-0] (OnlineBookImpl.java:24) - adapter called at endpoint tcp -p 57667 times 188
2017-10-12 10:45:16,342  INFO [HellowServer2-OnlineBook-Ice.ThreadPool.Server-0] (OnlineBookImpl.java:24) - adapter called at endpoint tcp -p 57667 times 189
2017-10-12 10:45:17,346  INFO [HellowServer2-OnlineBook-Ice.ThreadPool.Server-0] (OnlineBookImpl.java:24) - adapter called at endpoint tcp -p 57667 times 190
2017-10-12 10:45:18,350  INFO [HellowServer2-OnlineBook-Ice.ThreadPool.Server-0] (OnlineBookImpl.java:24) - adapter called at endpoint tcp -p 57667 times 191
2017-10-12 10:45:19,355  INFO [HellowServer2-OnlineBook-Ice.ThreadPool.Server-0] (OnlineBookImpl.java:24) - adapter called at endpoint tcp -p 57667 times 192
2017-10-12 10:45:20,359  INFO [HellowServer2-OnlineBook-Ice.ThreadPool.Server-0] (OnlineBookImpl.java:24) - adapter called at endpoint tcp -p 57667 times 193
2017-10-12 10:45:21,365  INFO [HellowServer2-OnlineBook-Ice.ThreadPool.Server-0] (OnlineBookImpl.java:24) - adapter called at endpoint tcp -p 57667 times 194
2017-10-12 10:45:22,368  INFO [HellowServer2-OnlineBook-Ice.ThreadPool.Server-0] (OnlineBookImpl.java:24) - adapter called at endpoint tcp -p 57667 times 195
2017-10-12 10:45:23,373  INFO [HellowServer2-OnlineBook-Ice.ThreadPool.Server-0] (OnlineBookImpl.java:24) - adapter called at endpoint tcp -p 57667 times 196
2017-10-12 10:45:24,377  INFO [HellowServer2-OnlineBook-Ice.ThreadPool.Server-0] (OnlineBookImpl.java:24) - adapter called at endpoint tcp -p 57667 times 197
2017-10-12 10:45:25,380  INFO [HellowServer2-OnlineBook-Ice.ThreadPool.Server-0] (OnlineBookImpl.java:24) - adapter called at endpoint tcp -p 57667 times 198
2017-10-12 10:45:26,382  INFO [HellowServer2-OnlineBook-Ice.ThreadPool.Server-0] (OnlineBookImpl.java:24) - adapter called at endpoint tcp -p 57667 times 199
2017-10-12 10:45:27,386  INFO [HellowServer2-OnlineBook-Ice.ThreadPool.Server-0] (OnlineBookImpl.java:24) - adapter called at endpoint tcp -p 57667 times 200
2017-10-12 10:59:21,383  INFO [HellowServer2-OnlineBook-Ice.ThreadPool.Server-0] (OnlineBookImpl.java:24) - adapter called at endpoint tcp -p 57667 times 201
2017-10-12 10:59:22,383  INFO [HellowServer2-OnlineBook-Ice.ThreadPool.Server-0] (OnlineBookImpl.java:24) - adapter called at endpoint tcp -p 57667 times 202
2017-10-12 10:59:23,385  INFO [HellowServer2-OnlineBook-Ice.ThreadPool.Server-0] (OnlineBookImpl.java:24) - adapter called at endpoint tcp -p 57667 times 203
2017-10-12 10:59:24,386  INFO [HellowServer2-OnlineBook-Ice.ThreadPool.Server-0] (OnlineBookImpl.java:24) - adapter called at endpoint tcp -p 57667 times 204
2017-10-12 10:59:25,388  INFO [HellowServer2-OnlineBook-Ice.ThreadPool.Server-0] (OnlineBookImpl.java:24) - adapter called at endpoint tcp -p 57667 times 205
2017-10-12 10:59:26,389  INFO [HellowServer2-OnlineBook-Ice.ThreadPool.Server-0] (OnlineBookImpl.java:24) - adapter called at endpoint tcp -p 57667 times 206
2017-10-12 10:59:27,392  INFO [HellowServer2-OnlineBook-Ice.ThreadPool.Server-0] (OnlineBookImpl.java:24) - adapter called at endpoint tcp -p 57667 times 207
2017-10-12 10:59:28,394  INFO [HellowServer2-OnlineBook-Ice.ThreadPool.Server-0] (OnlineBookImpl.java:24) - adapter called at endpoint tcp -p 57667 times 208
2017-10-12 10:59:29,396  INFO [HellowServer2-OnlineBook-Ice.ThreadPool.Server-0] (OnlineBookImpl.java:24) - adapter called at endpoint tcp -p 57667 times 209
2017-10-12 10:59:30,397  INFO [HellowServer2-OnlineBook-Ice.ThreadPool.Server-0] (OnlineBookImpl.java:24) - adapter called at endpoint tcp -p 57667 times 210
2017-10-12 10:59:31,399  INFO [HellowServer2-OnlineBook-Ice.ThreadPool.Server-0] (OnlineBookImpl.java:24) - adapter called at endpoint tcp -p 57667 times 211
2017-10-12 10:59:32,401  INFO [HellowServer2-OnlineBook-Ice.ThreadPool.Server-0] (OnlineBookImpl.java:24) - adapter called at endpoint tcp -p 57667 times 212
2017-10-12 10:59:33,403  INFO [HellowServer2-OnlineBook-Ice.ThreadPool.Server-0] (OnlineBookImpl.java:24) - adapter called at endpoint tcp -p 57667 times 213
2017-10-12 10:59:34,406  INFO [HellowServer2-OnlineBook-Ice.ThreadPool.Server-0] (OnlineBookImpl.java:24) - adapter called at endpoint tcp -p 57667 times 214
2017-10-12 10:59:35,408  INFO [HellowServer2-OnlineBook-Ice.ThreadPool.Server-0] (OnlineBookImpl.java:24) - adapter called at endpoint tcp -p 57667 times 215
2017-10-12 10:59:36,410  INFO [HellowServer2-OnlineBook-Ice.ThreadPool.Server-0] (OnlineBookImpl.java:24) - adapter called at endpoint tcp -p 57667 times 216
2017-10-12 10:59:37,411  INFO [HellowServer2-OnlineBook-Ice.ThreadPool.Server-0] (OnlineBookImpl.java:24) - adapter called at endpoint tcp -p 57667 times 217
2017-10-12 10:59:38,412  INFO [HellowServer2-OnlineBook-Ice.ThreadPool.Server-0] (OnlineBookImpl.java:24) - adapter called at endpoint tcp -p 57667 times 218
2017-10-12 10:59:39,413  INFO [HellowServer2-OnlineBook-Ice.ThreadPool.Server-0] (OnlineBookImpl.java:24) - adapter called at endpoint tcp -p 57667 times 219
2017-10-12 10:59:40,415  INFO [HellowServer2-OnlineBook-Ice.ThreadPool.Server-0] (OnlineBookImpl.java:24) - adapter called at endpoint tcp -p 57667 times 220
2017-10-12 10:59:41,417  INFO [HellowServer2-OnlineBook-Ice.ThreadPool.Server-0] (OnlineBookImpl.java:24) - adapter called at endpoint tcp -p 57667 times 221
2017-10-12 10:59:42,419  INFO [HellowServer2-OnlineBook-Ice.ThreadPool.Server-0] (OnlineBookImpl.java:24) - adapter called at endpoint tcp -p 57667 times 222
2017-10-12 10:59:43,421  INFO [HellowServer2-OnlineBook-Ice.ThreadPool.Server-0] (OnlineBookImpl.java:24) - adapter called at endpoint tcp -p 57667 times 223
2017-10-12 10:59:44,421  INFO [HellowServer2-OnlineBook-Ice.ThreadPool.Server-0] (OnlineBookImpl.java:24) - adapter called at endpoint tcp -p 57667 times 224
2017-10-12 10:59:45,423  INFO [HellowServer2-OnlineBook-Ice.ThreadPool.Server-0] (OnlineBookImpl.java:24) - adapter called at endpoint tcp -p 57667 times 225
2017-10-12 10:59:46,424  INFO [HellowServer2-OnlineBook-Ice.ThreadPool.Server-0] (OnlineBookImpl.java:24) - adapter called at endpoint tcp -p 57667 times 226
2017-10-12 10:59:47,426  INFO [HellowServer2-OnlineBook-Ice.ThreadPool.Server-0] (OnlineBookImpl.java:24) - adapter called at endpoint tcp -p 57667 times 227
2017-10-12 10:59:48,428  INFO [HellowServer2-OnlineBook-Ice.ThreadPool.Server-0] (OnlineBookImpl.java:24) - adapter called at endpoint tcp -p 57667 times 228
2017-10-12 10:59:49,429  INFO [HellowServer2-OnlineBook-Ice.ThreadPool.Server-0] (OnlineBookImpl.java:24) - adapter called at endpoint tcp -p 57667 times 229
2017-10-12 10:59:50,430  INFO [HellowServer2-OnlineBook-Ice.ThreadPool.Server-0] (OnlineBookImpl.java:24) - adapter called at endpoint tcp -p 57667 times 230
2017-10-12 10:59:51,431  INFO [HellowServer2-OnlineBook-Ice.ThreadPool.Server-0] (OnlineBookImpl.java:24) - adapter called at endpoint tcp -p 57667 times 231
2017-10-12 10:59:52,434  INFO [HellowServer2-OnlineBook-Ice.ThreadPool.Server-0] (OnlineBookImpl.java:24) - adapter called at endpoint tcp -p 57667 times 232
2017-10-12 10:59:53,436  INFO [HellowServer2-OnlineBook-Ice.ThreadPool.Server-0] (OnlineBookImpl.java:24) - adapter called at endpoint tcp -p 57667 times 233
2017-10-12 10:59:54,438  INFO [HellowServer2-OnlineBook-Ice.ThreadPool.Server-0] (OnlineBookImpl.java:24) - adapter called at endpoint tcp -p 57667 times 234
2017-10-12 10:59:55,439  INFO [HellowServer2-OnlineBook-Ice.ThreadPool.Server-0] (OnlineBookImpl.java:24) - adapter called at endpoint tcp -p 57667 times 235
2017-10-12 10:59:56,440  INFO [HellowServer2-OnlineBook-Ice.ThreadPool.Server-0] (OnlineBookImpl.java:24) - adapter called at endpoint tcp -p 57667 times 236
2017-10-12 10:59:57,442  INFO [HellowServer2-OnlineBook-Ice.ThreadPool.Server-0] (OnlineBookImpl.java:24) - adapter called at endpoint tcp -p 57667 times 237
2017-10-12 10:59:58,444  INFO [HellowServer2-OnlineBook-Ice.ThreadPool.Server-0] (OnlineBookImpl.java:24) - adapter called at endpoint tcp -p 57667 times 238
2017-10-12 10:59:59,445  INFO [HellowServer2-OnlineBook-Ice.ThreadPool.Server-0] (OnlineBookImpl.java:24) - adapter called at endpoint tcp -p 57667 times 239
