2017-10-11 17:47:28,221  INFO [main] (OnlineBookImpl.java:29) - service name is:OnlineBook
2017-10-11 17:47:28,242  INFO [main] (OnlineBookImpl.java:29) - service name is:OnlineBook
2017-10-11 17:47:28,343  INFO [main] (OnlineBookImpl.java:34) - OnlineBook started
2017-10-11 17:47:28,368  INFO [main] (OnlineBookImpl.java:34) - OnlineBook started
2017-10-11 17:47:28,390  INFO [main] (SMSServiceImpl.java:46) - service name is:SMSService
2017-10-11 17:47:28,392  INFO [main] (SMSServiceImpl.java:46) - service name is:SMSService
2017-10-11 17:47:28,646  INFO [HellowServer2-OnlineBook-Ice.ThreadPool.Server-0] (OnlineBookImpl.java:22) - bookTick call:abcdefg
2017-10-11 17:47:28,648  INFO [HellowServer1-SMSService-Ice.ThreadPool.Server-0] (SMSServiceImpl.java:37) - ret content:cccc
2017-10-11 17:47:56,840  INFO [HellowServer2-OnlineBook-Ice.ThreadPool.Server-0] (OnlineBookImpl.java:22) - bookTick call:abcdefg
2017-10-11 17:47:56,842  INFO [HellowServer2-SMSService-Ice.ThreadPool.Server-0] (SMSServiceImpl.java:37) - ret content:cccc
2017-10-11 17:47:58,047  INFO [HellowServer2-OnlineBook-Ice.ThreadPool.Server-0] (OnlineBookImpl.java:22) - bookTick call:abcdefg
2017-10-11 17:47:58,048  INFO [HellowServer2-SMSService-Ice.ThreadPool.Server-0] (SMSServiceImpl.java:37) - ret content:cccc
2017-10-11 17:47:59,220  INFO [HellowServer2-OnlineBook-Ice.ThreadPool.Server-0] (OnlineBookImpl.java:22) - bookTick call:abcdefg
2017-10-11 17:47:59,221  INFO [HellowServer2-SMSService-Ice.ThreadPool.Server-0] (SMSServiceImpl.java:37) - ret content:cccc
2017-10-11 17:47:59,910  INFO [HellowServer2-OnlineBook-Ice.ThreadPool.Server-0] (OnlineBookImpl.java:22) - bookTick call:abcdefg
2017-10-11 17:47:59,911  INFO [HellowServer2-SMSService-Ice.ThreadPool.Server-0] (SMSServiceImpl.java:37) - ret content:cccc
2017-10-11 17:48:00,898  INFO [HellowServer2-OnlineBook-Ice.ThreadPool.Server-0] (OnlineBookImpl.java:22) - bookTick call:abcdefg
2017-10-11 17:48:00,901  INFO [HellowServer1-SMSService-Ice.ThreadPool.Server-0] (SMSServiceImpl.java:37) - ret content:cccc
2017-10-11 17:50:37,648  INFO [main] (SMSServiceImpl.java:56) - SMSService stoped
2017-10-11 17:50:37,656  INFO [main] (SMSServiceImpl.java:56) - SMSService stoped
2017-10-11 17:50:37,699  INFO [main] (OnlineBookImpl.java:39) - OnlineBook stoped
2017-10-11 17:50:37,770  INFO [main] (OnlineBookImpl.java:39) - OnlineBook stoped
